{"level":"error","message":"Model: ticket not found on Prisma Schema","timestamp":"2022-04-09T03:11:01.543Z"}
{"level":"info","message":"Listening PORT: 3333","timestamp":"2022-04-09T03:11:01.579Z"}
{"level":"error","message":"Model: ticket not found on Prisma Schema","timestamp":"2022-04-09T03:11:06.401Z"}
{"level":"info","message":"Listening PORT: 3333","timestamp":"2022-04-09T03:11:06.425Z"}
{"level":"error","message":"Model: ticket not found on Prisma Schema","timestamp":"2022-04-09T03:14:24.032Z"}
{"level":"info","message":"Listening PORT: 3333","timestamp":"2022-04-09T03:14:24.086Z"}
{"level":"error","message":"Model: ticket not found on Prisma Schema","timestamp":"2022-04-09T03:15:14.090Z"}
{"level":"info","message":"Listening PORT: 3333","timestamp":"2022-04-09T03:15:14.126Z"}
{"level":"error","message":"Model: ticket not found on Prisma Schema","timestamp":"2022-04-09T03:16:43.051Z"}
{"level":"info","message":"Listening PORT: 3333","timestamp":"2022-04-09T03:16:43.076Z"}
{"level":"http","message":"GET /api/ 404 12.988 ms - 143","timestamp":"2022-04-09T03:17:08.577Z"}
{"level":"http","message":"GET /api/user 304 69.490 ms - -","timestamp":"2022-04-09T03:17:12.001Z"}
{"level":"http","message":"GET /api/user 304 815.416 ms - -","timestamp":"2022-04-09T03:48:12.789Z"}
{"level":"http","message":"GET /api/user 304 434.656 ms - -","timestamp":"2022-04-09T03:48:43.419Z"}
{"level":"http","message":"GET /api/user 304 30.068 ms - -","timestamp":"2022-04-09T03:48:51.013Z"}
{"level":"http","message":"GET /api/user 304 103.990 ms - -","timestamp":"2022-04-09T03:48:57.210Z"}
{"level":"http","message":"GET /api/user 304 12.648 ms - -","timestamp":"2022-04-09T03:49:06.228Z"}
{"level":"http","message":"GET /api/user 304 107.328 ms - -","timestamp":"2022-04-09T03:49:11.714Z"}
{"level":"http","message":"GET /api/user 304 10.162 ms - -","timestamp":"2022-04-09T03:49:43.186Z"}
{"level":"http","message":"GET /api/user 304 74.239 ms - -","timestamp":"2022-04-09T03:50:21.065Z"}
{"level":"http","message":"GET /api/user 304 10.016 ms - -","timestamp":"2022-04-09T03:51:00.540Z"}
{"level":"http","message":"GET /api/user 304 24.989 ms - -","timestamp":"2022-04-09T03:55:47.904Z"}
{"level":"http","message":"GET /api/user 304 11.052 ms - -","timestamp":"2022-04-09T03:56:20.147Z"}
{"level":"http","message":"GET /api/user 304 59.779 ms - -","timestamp":"2022-04-09T03:56:32.591Z"}
{"level":"http","message":"GET /api/user 304 280.135 ms - -","timestamp":"2022-04-09T04:00:41.063Z"}
{"level":"http","message":"GET /api/user 304 7.546 ms - -","timestamp":"2022-04-09T04:02:15.790Z"}
{"level":"http","message":"GET /api/user 304 26.607 ms - -","timestamp":"2022-04-09T04:03:51.933Z"}
{"level":"http","message":"GET /api/user 304 19.363 ms - -","timestamp":"2022-04-09T04:06:40.758Z"}
{"level":"http","message":"GET /api/user 304 6.970 ms - -","timestamp":"2022-04-09T04:07:55.641Z"}
{"level":"http","message":"GET /api/user 200 11.517 ms - 490","timestamp":"2022-04-09T04:10:19.132Z"}
{"level":"error","message":"Model: ticket not found on Prisma Schema","timestamp":"2022-04-09T14:25:15.869Z"}
{"level":"info","message":"Listening PORT: 3333","timestamp":"2022-04-09T14:25:16.945Z"}
{"level":"http","message":"GET / 200 20.138 ms - 35","timestamp":"2022-04-09T14:33:19.896Z"}
{"level":"http","message":"GET /favicon.ico 404 6.518 ms - 150","timestamp":"2022-04-09T14:33:23.600Z"}
{"level":"http","message":"GET /api/user 304 19044.127 ms - -","timestamp":"2022-04-09T14:35:56.781Z"}
{"level":"http","message":"GET /api/user 304 931.458 ms - -","timestamp":"2022-04-09T14:41:12.049Z"}
{"level":"http","message":"GET /api/user 304 8.784 ms - -","timestamp":"2022-04-09T14:41:21.270Z"}
{"level":"http","message":"GET /api/user 304 87.773 ms - -","timestamp":"2022-04-09T14:41:38.457Z"}
{"level":"http","message":"GET /api/user 304 6.792 ms - -","timestamp":"2022-04-09T14:41:42.452Z"}
{"level":"http","message":"GET /api/user 304 9.285 ms - -","timestamp":"2022-04-09T14:41:57.293Z"}
{"level":"http","message":"GET /api/user 304 94.303 ms - -","timestamp":"2022-04-09T14:42:01.449Z"}
{"level":"http","message":"GET /api/user 304 6.644 ms - -","timestamp":"2022-04-09T14:42:05.261Z"}
{"level":"http","message":"GET /api/user 304 10.750 ms - -","timestamp":"2022-04-09T14:42:35.310Z"}
{"level":"http","message":"GET /api/user 304 5.939 ms - -","timestamp":"2022-04-09T14:42:39.298Z"}
{"level":"http","message":"GET /api/user 304 8.882 ms - -","timestamp":"2022-04-09T14:42:42.266Z"}
{"level":"http","message":"GET /api/user 304 16.201 ms - -","timestamp":"2022-04-09T14:42:53.348Z"}
{"level":"http","message":"GET /api/user 304 59.560 ms - -","timestamp":"2022-04-09T14:43:05.311Z"}
{"level":"http","message":"GET /api/user 304 17.329 ms - -","timestamp":"2022-04-09T14:43:13.241Z"}
{"level":"http","message":"GET /api/user 304 572.084 ms - -","timestamp":"2022-04-09T14:44:30.864Z"}
{"level":"http","message":"GET /api/user 304 10.593 ms - -","timestamp":"2022-04-09T14:44:57.504Z"}
{"level":"http","message":"GET /api/user 304 7.613 ms - -","timestamp":"2022-04-09T14:44:59.306Z"}
{"level":"http","message":"GET /api/user 304 9.098 ms - -","timestamp":"2022-04-09T14:45:10.393Z"}
{"level":"http","message":"GET /api/user 304 6.847 ms - -","timestamp":"2022-04-09T14:45:12.283Z"}
{"level":"http","message":"GET /api/user 304 51.497 ms - -","timestamp":"2022-04-09T14:45:24.408Z"}
{"level":"http","message":"GET /api/user 304 5.471 ms - -","timestamp":"2022-04-09T14:45:30.296Z"}
{"level":"http","message":"GET /api/user 304 12.060 ms - -","timestamp":"2022-04-09T14:45:33.331Z"}
{"level":"http","message":"GET /api/user 304 8.685 ms - -","timestamp":"2022-04-09T14:45:46.351Z"}
{"level":"http","message":"GET /api/user 304 6.864 ms - -","timestamp":"2022-04-09T14:45:50.275Z"}
{"level":"http","message":"GET /api/user 304 4.839 ms - -","timestamp":"2022-04-09T14:45:57.492Z"}
{"level":"http","message":"GET /api/user 304 9.841 ms - -","timestamp":"2022-04-09T14:46:03.209Z"}
{"level":"http","message":"GET /api/user 304 4.637 ms - -","timestamp":"2022-04-09T14:46:05.828Z"}
{"level":"http","message":"GET /api/user 304 7.401 ms - -","timestamp":"2022-04-09T14:46:07.761Z"}
{"level":"http","message":"GET /api/user 304 6.241 ms - -","timestamp":"2022-04-09T14:46:17.571Z"}
{"level":"http","message":"GET /api/user 304 6.924 ms - -","timestamp":"2022-04-09T14:46:23.193Z"}
{"level":"http","message":"GET /api/user 304 90.877 ms - -","timestamp":"2022-04-09T14:55:31.723Z"}
{"level":"http","message":"GET /api/user 304 5.484 ms - -","timestamp":"2022-04-09T14:55:33.754Z"}
{"level":"http","message":"GET /api/user 304 5.968 ms - -","timestamp":"2022-04-09T14:55:43.617Z"}
{"level":"http","message":"GET /api/user 304 12.047 ms - -","timestamp":"2022-04-09T14:55:54.289Z"}
{"level":"http","message":"GET /api/user 304 14.905 ms - -","timestamp":"2022-04-09T14:56:35.504Z"}
{"level":"http","message":"GET /api/user 304 5.119 ms - -","timestamp":"2022-04-09T14:56:43.266Z"}
{"level":"http","message":"GET /api/user 304 4.641 ms - -","timestamp":"2022-04-09T14:56:47.260Z"}
{"level":"http","message":"GET /api/user 304 8.336 ms - -","timestamp":"2022-04-09T14:57:17.025Z"}
{"level":"http","message":"GET /api/user 304 18.032 ms - -","timestamp":"2022-04-09T14:57:32.307Z"}
{"level":"http","message":"GET /api/user 304 7.536 ms - -","timestamp":"2022-04-09T14:57:33.916Z"}
{"level":"http","message":"GET /api/user 304 7.038 ms - -","timestamp":"2022-04-09T14:58:40.258Z"}
{"level":"http","message":"GET /api/user 304 11.536 ms - -","timestamp":"2022-04-09T15:00:52.471Z"}
{"level":"http","message":"GET /api/user 304 4.269 ms - -","timestamp":"2022-04-09T15:00:52.511Z"}
{"level":"http","message":"GET /api/user 304 5.291 ms - -","timestamp":"2022-04-09T15:00:54.274Z"}
{"level":"http","message":"GET /api/user 304 4.747 ms - -","timestamp":"2022-04-09T15:00:57.367Z"}
{"level":"http","message":"GET /api/user 304 18.635 ms - -","timestamp":"2022-04-09T15:01:26.608Z"}
{"level":"http","message":"GET /api/user 304 5.739 ms - -","timestamp":"2022-04-09T15:02:05.839Z"}
{"level":"http","message":"GET /api/user 304 5.726 ms - -","timestamp":"2022-04-09T15:02:17.716Z"}
{"level":"http","message":"GET /api/user 304 5.192 ms - -","timestamp":"2022-04-09T15:02:24.841Z"}
{"level":"http","message":"GET /api/user 304 6.593 ms - -","timestamp":"2022-04-09T15:05:34.269Z"}
{"level":"http","message":"GET /api/user 304 6.417 ms - -","timestamp":"2022-04-09T15:05:48.258Z"}
{"level":"http","message":"GET /api/user 304 9.565 ms - -","timestamp":"2022-04-09T15:07:12.432Z"}
{"level":"http","message":"GET /api/user 304 3.564 ms - -","timestamp":"2022-04-09T15:07:14.251Z"}
{"level":"http","message":"GET /api/user 304 4.407 ms - -","timestamp":"2022-04-09T15:07:15.254Z"}
{"level":"http","message":"GET /api/user 304 4.052 ms - -","timestamp":"2022-04-09T15:07:26.269Z"}
{"level":"http","message":"GET /api/user 304 6.623 ms - -","timestamp":"2022-04-09T15:07:31.286Z"}
{"level":"http","message":"GET /api/user 304 4.174 ms - -","timestamp":"2022-04-09T15:07:34.270Z"}
{"level":"http","message":"GET /api/user 304 4.040 ms - -","timestamp":"2022-04-09T15:07:36.258Z"}
{"level":"http","message":"GET /api/user 304 8.153 ms - -","timestamp":"2022-04-09T15:07:40.275Z"}
{"level":"http","message":"GET /api/user 304 4.011 ms - -","timestamp":"2022-04-09T15:07:42.145Z"}
{"level":"http","message":"GET /api/user 304 3801.921 ms - -","timestamp":"2022-04-09T17:02:18.087Z"}
{"level":"http","message":"GET /api/user 304 55.190 ms - -","timestamp":"2022-04-09T17:05:01.557Z"}
{"level":"http","message":"GET /api/user 304 633.710 ms - -","timestamp":"2022-04-09T18:44:08.659Z"}
{"level":"error","message":"\nInvalid `prisma.user.create()` invocation:\n\n{\n  data: {\n    name: 'Luiz Allan',\n    email: 'allankz@gmail.com',\n    password: '12345',\n    role: 'USER',\n    ~~~~\n    birthDate: '2001-12-04T02:00:00.000Z',\n    reviewer: ''\n              ~~\n  }\n}\n\nUnknown arg `role` in data.role for type UserCreateInput. Did you mean `name`? Available args:\ntype UserCreateInput {\n  id?: String\n  email: String\n  name: String\n  birthDate: DateTime\n  reviewer?: Boolean | Null\n  password: String\n}\nArgument reviewer: Got invalid value '' on prisma.createOneUser. Provided String, expected Boolean or Null.\n\n","timestamp":"2022-04-10T00:54:06.369Z"}
{"level":"http","message":"POST /api/user 400 946.924 ms - 40","timestamp":"2022-04-10T00:54:06.517Z"}
{"level":"http","message":"GET /api/user 304 3911.204 ms - -","timestamp":"2022-04-10T00:54:10.432Z"}
{"level":"http","message":"GET /api/user 304 4.288 ms - -","timestamp":"2022-04-10T00:54:16.473Z"}
{"level":"http","message":"GET /api/user 304 90.198 ms - -","timestamp":"2022-04-10T00:54:20.967Z"}
{"level":"http","message":"GET /api/user 304 4.427 ms - -","timestamp":"2022-04-10T00:54:21.891Z"}
{"level":"http","message":"GET /api/user 304 5.990 ms - -","timestamp":"2022-04-10T00:54:22.583Z"}
{"level":"http","message":"GET /api/user 304 38.023 ms - -","timestamp":"2022-04-10T00:54:22.910Z"}
{"level":"http","message":"GET /api/user 304 98.625 ms - -","timestamp":"2022-04-10T00:54:29.985Z"}
{"level":"error","message":"\nInvalid `prisma.user.create()` invocation:\n\n{\n  data: {\n    name: 'Luiz Allan',\n    email: 'allankz@gmail.com',\n    password: '12345',\n    role: 'USER',\n    ~~~~\n    birthDate: '2001-12-04T02:00:00.000Z',\n    reviewer: ''\n              ~~\n  }\n}\n\nUnknown arg `role` in data.role for type UserCreateInput. Did you mean `name`? Available args:\ntype UserCreateInput {\n  id?: String\n  email: String\n  name: String\n  birthDate: DateTime\n  reviewer?: Boolean | Null\n  password: String\n}\nArgument reviewer: Got invalid value '' on prisma.createOneUser. Provided String, expected Boolean or Null.\n\n","timestamp":"2022-04-10T00:57:36.228Z"}
{"level":"http","message":"POST /api/user 400 37.307 ms - 40","timestamp":"2022-04-10T00:57:36.262Z"}
{"level":"error","message":"\nInvalid `prisma.user.create()` invocation:\n\n{\n  data: {\n    name: 'Luiz Allan',\n    email: 'allankz@gmail.com',\n    password: '12345',\n    role: 'USER',\n    ~~~~\n    birthDate: '2001-12-04T02:00:00.000Z',\n    reviewer: ''\n              ~~\n  }\n}\n\nUnknown arg `role` in data.role for type UserCreateInput. Did you mean `name`? Available args:\ntype UserCreateInput {\n  id?: String\n  email: String\n  name: String\n  birthDate: DateTime\n  reviewer?: Boolean | Null\n  password: String\n}\nArgument reviewer: Got invalid value '' on prisma.createOneUser. Provided String, expected Boolean or Null.\n\n","timestamp":"2022-04-10T00:57:39.239Z"}
{"level":"http","message":"POST /api/user 400 4.064 ms - 40","timestamp":"2022-04-10T00:57:39.241Z"}
{"level":"error","message":"\nInvalid `prisma.user.create()` invocation:\n\n{\n  data: {\n    name: 'Luiz Allan',\n    email: 'allankz@gmail.com',\n    password: '12345',\n    role: 'USER',\n    ~~~~\n    birthDate: '2001-12-04T02:00:00.000Z',\n    reviewer: ''\n              ~~\n  }\n}\n\nUnknown arg `role` in data.role for type UserCreateInput. Did you mean `name`? Available args:\ntype UserCreateInput {\n  id?: String\n  email: String\n  name: String\n  birthDate: DateTime\n  reviewer?: Boolean | Null\n  password: String\n}\nArgument reviewer: Got invalid value '' on prisma.createOneUser. Provided String, expected Boolean or Null.\n\n","timestamp":"2022-04-10T00:57:39.722Z"}
{"level":"http","message":"POST /api/user 400 3.471 ms - 40","timestamp":"2022-04-10T00:57:39.724Z"}
{"level":"error","message":"\nInvalid `prisma.user.create()` invocation:\n\n{\n  data: {\n    name: 'Luiz Allan',\n    email: 'allankz@gmail.com',\n    password: '12345',\n    role: 'USER',\n    ~~~~\n    birthDate: '2001-12-04T02:00:00.000Z',\n    reviewer: ''\n              ~~\n  }\n}\n\nUnknown arg `role` in data.role for type UserCreateInput. Did you mean `name`? Available args:\ntype UserCreateInput {\n  id?: String\n  email: String\n  name: String\n  birthDate: DateTime\n  reviewer?: Boolean | Null\n  password: String\n}\nArgument reviewer: Got invalid value '' on prisma.createOneUser. Provided String, expected Boolean or Null.\n\n","timestamp":"2022-04-10T00:57:39.866Z"}
{"level":"http","message":"POST /api/user 400 6.282 ms - 40","timestamp":"2022-04-10T00:57:39.869Z"}
{"level":"error","message":"\nInvalid `prisma.user.create()` invocation:\n\n{\n  data: {\n    name: 'Luiz Allan',\n    email: 'allankz@gmail.com',\n    password: '12345',\n    role: 'USER',\n    ~~~~\n    birthDate: '2001-12-04T02:00:00.000Z',\n    reviewer: ''\n              ~~\n  }\n}\n\nUnknown arg `role` in data.role for type UserCreateInput. Did you mean `name`? Available args:\ntype UserCreateInput {\n  id?: String\n  email: String\n  name: String\n  birthDate: DateTime\n  reviewer?: Boolean | Null\n  password: String\n}\nArgument reviewer: Got invalid value '' on prisma.createOneUser. Provided String, expected Boolean or Null.\n\n","timestamp":"2022-04-10T00:57:39.991Z"}
{"level":"http","message":"POST /api/user 400 48.171 ms - 40","timestamp":"2022-04-10T00:57:40.038Z"}
{"level":"error","message":"\nInvalid `prisma.user.create()` invocation:\n\n{\n  data: {\n    name: 'Luiz Allan',\n    email: 'allankz@gmail.com',\n    password: '12345',\n    role: 'USER',\n    ~~~~\n    birthDate: '2001-12-04T02:00:00.000Z',\n    reviewer: ''\n              ~~\n  }\n}\n\nUnknown arg `role` in data.role for type UserCreateInput. Did you mean `name`? Available args:\ntype UserCreateInput {\n  id?: String\n  email: String\n  name: String\n  birthDate: DateTime\n  reviewer?: Boolean | Null\n  password: String\n}\nArgument reviewer: Got invalid value '' on prisma.createOneUser. Provided String, expected Boolean or Null.\n\n","timestamp":"2022-04-10T00:57:40.137Z"}
{"level":"http","message":"POST /api/user 400 20.207 ms - 40","timestamp":"2022-04-10T00:57:40.154Z"}
{"level":"error","message":"\nInvalid `prisma.user.create()` invocation:\n\n{\n  data: {\n    name: 'Luiz Allan',\n    email: 'allankz@gmail.com',\n    password: '12345',\n    role: 'USER',\n    ~~~~\n    birthDate: '2001-12-04T02:00:00.000Z',\n    reviewer: ''\n              ~~\n  }\n}\n\nUnknown arg `role` in data.role for type UserCreateInput. Did you mean `name`? Available args:\ntype UserCreateInput {\n  id?: String\n  email: String\n  name: String\n  birthDate: DateTime\n  reviewer?: Boolean | Null\n  password: String\n}\nArgument reviewer: Got invalid value '' on prisma.createOneUser. Provided String, expected Boolean or Null.\n\n","timestamp":"2022-04-10T00:57:59.457Z"}
{"level":"http","message":"POST /api/user 400 5.434 ms - 40","timestamp":"2022-04-10T00:57:59.461Z"}
{"level":"error","message":"\nInvalid `prisma.user.create()` invocation:\n\n{\n  data: {\n    name: 'Luiz Allan',\n    email: 'allankz@gmail.com',\n    password: '12345',\n    role: 'USER',\n    ~~~~\n    birthDate: '2001-12-04T02:00:00.000Z',\n    reviewer: ''\n              ~~\n  }\n}\n\nUnknown arg `role` in data.role for type UserCreateInput. Did you mean `name`? Available args:\ntype UserCreateInput {\n  id?: String\n  email: String\n  name: String\n  birthDate: DateTime\n  reviewer?: Boolean | Null\n  password: String\n}\nArgument reviewer: Got invalid value '' on prisma.createOneUser. Provided String, expected Boolean or Null.\n\n","timestamp":"2022-04-10T00:57:59.599Z"}
{"level":"http","message":"POST /api/user 400 5.236 ms - 40","timestamp":"2022-04-10T00:57:59.601Z"}
{"level":"error","message":"\nInvalid `prisma.user.create()` invocation:\n\n{\n  data: {\n    name: 'Luiz Allan',\n    email: 'allankz@gmail.com',\n    password: '12345',\n    role: 'USER',\n    ~~~~\n    birthDate: '2001-12-04T02:00:00.000Z',\n    reviewer: ''\n              ~~\n  }\n}\n\nUnknown arg `role` in data.role for type UserCreateInput. Did you mean `name`? Available args:\ntype UserCreateInput {\n  id?: String\n  email: String\n  name: String\n  birthDate: DateTime\n  reviewer?: Boolean | Null\n  password: String\n}\nArgument reviewer: Got invalid value '' on prisma.createOneUser. Provided String, expected Boolean or Null.\n\n","timestamp":"2022-04-10T00:58:11.066Z"}
{"level":"http","message":"POST /api/user 400 3.786 ms - 40","timestamp":"2022-04-10T00:58:11.068Z"}
{"level":"error","message":"\nInvalid `prisma.user.create()` invocation:\n\n{\n  data: {\n    name: 'Luiz Allan',\n    email: 'allankz@gmail.com',\n    password: '12345',\n    role: 'USER',\n    ~~~~\n    birthDate: '2001-12-04T02:00:00.000Z',\n    reviewer: ''\n              ~~\n  }\n}\n\nUnknown arg `role` in data.role for type UserCreateInput. Did you mean `name`? Available args:\ntype UserCreateInput {\n  id?: String\n  email: String\n  name: String\n  birthDate: DateTime\n  reviewer?: Boolean | Null\n  password: String\n}\nArgument reviewer: Got invalid value '' on prisma.createOneUser. Provided String, expected Boolean or Null.\n\n","timestamp":"2022-04-10T00:58:25.388Z"}
{"level":"http","message":"POST /api/user 400 2.799 ms - 40","timestamp":"2022-04-10T00:58:25.390Z"}
{"level":"http","message":"GET /api/user 304 223.999 ms - -","timestamp":"2022-04-10T01:12:58.652Z"}
{"level":"error","message":"\nInvalid `prisma.user.create()` invocation:\n\n{\n  data: {\n    name: 'Luiz Allan',\n    email: 'allankz@gmail.com',\n    password: '12345',\n    role: 'USER',\n    ~~~~\n    birthDate: '2001-12-04T02:00:00.000Z',\n    reviewer: true\n  }\n}\n\nUnknown arg `role` in data.role for type UserCreateInput. Did you mean `name`? Available args:\ntype UserCreateInput {\n  id?: String\n  email: String\n  name: String\n  birthDate: DateTime\n  reviewer?: Boolean | Null\n  password: String\n}\n\n","timestamp":"2022-04-10T01:13:19.698Z"}
{"level":"http","message":"POST /api/user 400 2.692 ms - 40","timestamp":"2022-04-10T01:13:19.700Z"}
{"level":"error","message":"\nInvalid `prisma.user.create()` invocation:\n\n{\n  data: {\n    name: 'Luiz Allan',\n    email: 'allankz@gmail.com',\n    password: '12345',\n    role: 'USERr',\n    ~~~~\n    birthDate: '2001-12-04T02:00:00.000Z',\n    reviewer: true\n  }\n}\n\nUnknown arg `role` in data.role for type UserCreateInput. Did you mean `name`? Available args:\ntype UserCreateInput {\n  id?: String\n  email: String\n  name: String\n  birthDate: DateTime\n  reviewer?: Boolean | Null\n  password: String\n}\n\n","timestamp":"2022-04-10T01:16:33.721Z"}
{"level":"http","message":"POST /api/user 400 3.450 ms - 40","timestamp":"2022-04-10T01:16:33.723Z"}
{"level":"error","message":"\nInvalid `prisma.user.create()` invocation:\n\n{\n  data: {\n    name: '',\n    email: '',\n    password: '',\n    role: 'USER',\n    ~~~~\n    birthDate: '2022-04-10T01:16:55.503Z',\n    reviewer: false\n  }\n}\n\nUnknown arg `role` in data.role for type UserCreateInput. Did you mean `name`? Available args:\ntype UserCreateInput {\n  id?: String\n  email: String\n  name: String\n  birthDate: DateTime\n  reviewer?: Boolean | Null\n  password: String\n}\n\n","timestamp":"2022-04-10T01:16:59.633Z"}
{"level":"http","message":"POST /api/user 400 28.826 ms - 40","timestamp":"2022-04-10T01:16:59.661Z"}
{"level":"error","message":"Model: ticket not found on Prisma Schema","timestamp":"2022-04-10T01:24:57.546Z"}
{"level":"info","message":"Listening PORT: 3333","timestamp":"2022-04-10T01:24:58.306Z"}
{"level":"error","message":"\nInvalid `prisma.user.create()` invocation:\n\n{\n  data: {\n    name: 'Luiz Allan',\n    email: 'allankz@gmail.com',\n    password: '12345',\n    role: 'USER',\n    ~~~~\n    birthDate: '2001-12-04T02:00:00.000Z',\n    reviewer: true\n  }\n}\n\nUnknown arg `role` in data.role for type UserCreateInput. Did you mean `name`? Available args:\ntype UserCreateInput {\n  id?: String\n  email: String\n  name: String\n  birthDate: DateTime\n  reviewer?: Boolean | Null\n  password: String\n}\n\n","timestamp":"2022-04-10T01:36:39.079Z"}
{"level":"http","message":"POST /api/user 400 118.695 ms - 40","timestamp":"2022-04-10T01:36:39.174Z"}
{"level":"error","message":"\nInvalid `prisma.user.create()` invocation:\n\n{\n  data: {\n    name: 'Luiz Allan',\n    email: 'allankz@gmail.com',\n    password: '12345',\n    role: 'USER',\n    ~~~~\n    birthDate: '2022-04-10T01:37:27.047Z',\n    reviewer: true\n  }\n}\n\nUnknown arg `role` in data.role for type UserCreateInput. Did you mean `name`? Available args:\ntype UserCreateInput {\n  id?: String\n  email: String\n  name: String\n  birthDate: DateTime\n  reviewer?: Boolean | Null\n  password: String\n}\n\n","timestamp":"2022-04-10T01:37:53.697Z"}
{"level":"http","message":"POST /api/user 400 7.310 ms - 40","timestamp":"2022-04-10T01:37:53.700Z"}
{"level":"error","message":"\nInvalid `prisma.user.create()` invocation:\n\n{\n  data: {\n    name: 'Luiz Allan',\n    email: 'allankz@gmail.com',\n    password: '12345',\n    role: 'USER',\n    ~~~~\n    birthDate: '2001-12-04T02:00:00.000Z',\n    reviewer: true\n  }\n}\n\nUnknown arg `role` in data.role for type UserCreateInput. Did you mean `name`? Available args:\ntype UserCreateInput {\n  id?: String\n  email: String\n  name: String\n  birthDate: DateTime\n  reviewer?: Boolean | Null\n  password: String\n}\n\n","timestamp":"2022-04-10T01:41:47.288Z"}
{"level":"http","message":"POST /api/user 400 6.555 ms - 40","timestamp":"2022-04-10T01:41:47.291Z"}
{"level":"error","message":"Model: ticket not found on Prisma Schema","timestamp":"2022-04-10T01:43:41.880Z"}
{"level":"info","message":"Listening PORT: 3333","timestamp":"2022-04-10T01:43:42.021Z"}
{"level":"http","message":"GET /api/user 304 1433.922 ms - -","timestamp":"2022-04-10T01:44:39.944Z"}
{"level":"http","message":"GET /api/user 304 12.344 ms - -","timestamp":"2022-04-10T01:48:12.828Z"}
{"level":"http","message":"GET /api/movie 200 903407.451 ms - 1402","timestamp":"2022-04-10T02:09:26.948Z"}
{"level":"http","message":"GET /api/movie - - ms - -","timestamp":"2022-04-10T02:09:26.979Z"}
{"level":"http","message":"GET /api/user - - ms - -","timestamp":"2022-04-10T02:09:26.981Z"}
{"level":"error","message":"\nInvalid `prisma.user.create()` invocation:\n\n{\n  data: {\n    name: 'Luiz Allan',\n    email: 'allankz@gmail.com',\n    password: '12345',\n    role: 'ADMINISTRATOR',\n    ~~~~\n    birthDate: '2022-04-10T02:05:58.408Z',\n    reviewer: true\n  }\n}\n\nUnknown arg `role` in data.role for type UserCreateInput. Did you mean `name`? Available args:\ntype UserCreateInput {\n  id?: String\n  email: String\n  name: String\n  birthDate: DateTime\n  reviewer?: Boolean | Null\n  password: String\n}\n\n","timestamp":"2022-04-10T02:09:27.624Z"}
{"level":"http","message":"POST /api/user 400 12.475 ms - 40","timestamp":"2022-04-10T02:09:27.626Z"}
{"level":"error","message":"\nInvalid `prisma.user.create()` invocation:\n\n{\n  data: {\n    name: 'Luiz Allan',\n    email: 'allankz@gmail.com',\n    password: '12345',\n    role: 'ADMINISTRATOR',\n    ~~~~\n    birthDate: '2022-04-10T02:05:58.408Z',\n    reviewer: true\n  }\n}\n\nUnknown arg `role` in data.role for type UserCreateInput. Did you mean `name`? Available args:\ntype UserCreateInput {\n  id?: String\n  email: String\n  name: String\n  birthDate: DateTime\n  reviewer?: Boolean | Null\n  password: String\n}\n\n","timestamp":"2022-04-10T02:09:27.634Z"}
{"level":"http","message":"POST /api/user 400 5.064 ms - 40","timestamp":"2022-04-10T02:09:27.637Z"}
{"level":"error","message":"\nInvalid `prisma.user.create()` invocation:\n\n{\n  data: {\n    name: 'Luiz Allan',\n    email: 'allankz@gmail.com',\n    password: '12345',\n    role: 'ADMINISTRATOR',\n    ~~~~\n    birthDate: '2022-04-10T02:05:58.408Z',\n    reviewer: true\n  }\n}\n\nUnknown arg `role` in data.role for type UserCreateInput. Did you mean `name`? Available args:\ntype UserCreateInput {\n  id?: String\n  email: String\n  name: String\n  birthDate: DateTime\n  reviewer?: Boolean | Null\n  password: String\n}\n\n","timestamp":"2022-04-10T02:09:27.643Z"}
{"level":"http","message":"POST /api/user 400 6.119 ms - 40","timestamp":"2022-04-10T02:09:27.647Z"}
{"level":"error","message":"\nInvalid `prisma.user.create()` invocation:\n\n{\n  data: {\n    name: 'Luiz Allan',\n    email: 'allankz@gmail.com',\n    password: '12345',\n    role: 'ADMINISTRATOR',\n    ~~~~\n    birthDate: '2022-04-10T02:05:58.408Z',\n    reviewer: true\n  }\n}\n\nUnknown arg `role` in data.role for type UserCreateInput. Did you mean `name`? Available args:\ntype UserCreateInput {\n  id?: String\n  email: String\n  name: String\n  birthDate: DateTime\n  reviewer?: Boolean | Null\n  password: String\n}\n\n","timestamp":"2022-04-10T02:09:27.656Z"}
{"level":"http","message":"POST /api/user 400 5.785 ms - 40","timestamp":"2022-04-10T02:09:27.659Z"}
{"level":"error","message":"\nInvalid `prisma.user.create()` invocation:\n\n{\n  data: {\n    name: 'Luiz Allan',\n    email: 'allankz@gmail.com',\n    password: '12345',\n    role: 'ADMINISTRATOR',\n    ~~~~\n    birthDate: '2022-04-10T02:05:58.408Z',\n    reviewer: true\n  }\n}\n\nUnknown arg `role` in data.role for type UserCreateInput. Did you mean `name`? Available args:\ntype UserCreateInput {\n  id?: String\n  email: String\n  name: String\n  birthDate: DateTime\n  reviewer?: Boolean | Null\n  password: String\n}\n\n","timestamp":"2022-04-10T02:09:27.664Z"}
{"level":"http","message":"POST /api/user 400 5.892 ms - 40","timestamp":"2022-04-10T02:09:27.668Z"}
{"level":"error","message":"\nInvalid `prisma.user.create()` invocation:\n\n{\n  data: {\n    name: 'Luiz Allan',\n    email: 'allankz@gmail.com',\n    password: '12345',\n    role: 'ADMINISTRATOR',\n    ~~~~\n    birthDate: '2022-04-10T02:05:58.408Z',\n    reviewer: true\n  }\n}\n\nUnknown arg `role` in data.role for type UserCreateInput. Did you mean `name`? Available args:\ntype UserCreateInput {\n  id?: String\n  email: String\n  name: String\n  birthDate: DateTime\n  reviewer?: Boolean | Null\n  password: String\n}\n\n","timestamp":"2022-04-10T02:09:27.673Z"}
{"level":"http","message":"POST /api/user 400 5.485 ms - 40","timestamp":"2022-04-10T02:09:27.676Z"}
{"level":"error","message":"\nInvalid `prisma.user.create()` invocation:\n\n{\n  data: {\n    name: 'Luiz Allan',\n    email: 'allankz@gmail.com',\n    password: '12345',\n    role: 'ADMINISTRATOR',\n    ~~~~\n    birthDate: '2022-04-10T02:05:58.408Z',\n    reviewer: true\n  }\n}\n\nUnknown arg `role` in data.role for type UserCreateInput. Did you mean `name`? Available args:\ntype UserCreateInput {\n  id?: String\n  email: String\n  name: String\n  birthDate: DateTime\n  reviewer?: Boolean | Null\n  password: String\n}\n\n","timestamp":"2022-04-10T02:09:27.690Z"}
{"level":"http","message":"POST /api/user 400 3.401 ms - 40","timestamp":"2022-04-10T02:09:27.692Z"}
{"level":"error","message":"\nInvalid `prisma.user.create()` invocation:\n\n{\n  data: {\n    name: 'Luiz Allan',\n    email: 'allankz@gmail.com',\n    password: '12345',\n    role: 'ADMINISTRATOR',\n    ~~~~\n    birthDate: '2022-04-10T02:05:58.408Z',\n    reviewer: true\n  }\n}\n\nUnknown arg `role` in data.role for type UserCreateInput. Did you mean `name`? Available args:\ntype UserCreateInput {\n  id?: String\n  email: String\n  name: String\n  birthDate: DateTime\n  reviewer?: Boolean | Null\n  password: String\n}\n\n","timestamp":"2022-04-10T02:09:27.699Z"}
{"level":"http","message":"POST /api/user 400 5.146 ms - 40","timestamp":"2022-04-10T02:09:27.701Z"}
{"level":"error","message":"\nInvalid `prisma.user.create()` invocation:\n\n{\n  data: {\n    name: 'Luiz Allan',\n    email: 'allankz@gmail.com',\n    password: '12345',\n    role: 'ADMINISTRATOR',\n    ~~~~\n    birthDate: '2022-04-10T02:05:58.408Z',\n    reviewer: true\n  }\n}\n\nUnknown arg `role` in data.role for type UserCreateInput. Did you mean `name`? Available args:\ntype UserCreateInput {\n  id?: String\n  email: String\n  name: String\n  birthDate: DateTime\n  reviewer?: Boolean | Null\n  password: String\n}\n\n","timestamp":"2022-04-10T02:09:27.705Z"}
{"level":"http","message":"POST /api/user 400 3.276 ms - 40","timestamp":"2022-04-10T02:09:27.707Z"}
{"level":"error","message":"\nInvalid `prisma.user.create()` invocation:\n\n{\n  data: {\n    name: 'Luiz Allan',\n    email: 'allankz@gmail.com',\n    password: '12345',\n    role: 'ADMINISTRATOR',\n    ~~~~\n    birthDate: '2022-04-10T02:05:58.408Z',\n    reviewer: true\n  }\n}\n\nUnknown arg `role` in data.role for type UserCreateInput. Did you mean `name`? Available args:\ntype UserCreateInput {\n  id?: String\n  email: String\n  name: String\n  birthDate: DateTime\n  reviewer?: Boolean | Null\n  password: String\n}\n\n","timestamp":"2022-04-10T02:09:27.712Z"}
{"level":"http","message":"POST /api/user 400 5.145 ms - 40","timestamp":"2022-04-10T02:09:27.716Z"}
{"level":"error","message":"\nInvalid `prisma.user.create()` invocation:\n\n{\n  data: {\n    name: 'Luiz Allan',\n    email: 'allankz@gmail.com',\n    password: '12345',\n    role: 'ADMINISTRATOR',\n    ~~~~\n    birthDate: '2022-04-10T02:05:58.408Z',\n    reviewer: true\n  }\n}\n\nUnknown arg `role` in data.role for type UserCreateInput. Did you mean `name`? Available args:\ntype UserCreateInput {\n  id?: String\n  email: String\n  name: String\n  birthDate: DateTime\n  reviewer?: Boolean | Null\n  password: String\n}\n\n","timestamp":"2022-04-10T02:09:27.721Z"}
{"level":"http","message":"POST /api/user 400 4.332 ms - 40","timestamp":"2022-04-10T02:09:27.723Z"}
{"level":"error","message":"\nInvalid `prisma.user.create()` invocation:\n\n{\n  data: {\n    name: 'Luiz Allan',\n    email: 'allankz@gmail.com',\n    password: '12345',\n    role: 'ADMINISTRATOR',\n    ~~~~\n    birthDate: '2022-04-10T02:05:58.408Z',\n    reviewer: true\n  }\n}\n\nUnknown arg `role` in data.role for type UserCreateInput. Did you mean `name`? Available args:\ntype UserCreateInput {\n  id?: String\n  email: String\n  name: String\n  birthDate: DateTime\n  reviewer?: Boolean | Null\n  password: String\n}\n\n","timestamp":"2022-04-10T02:09:27.729Z"}
{"level":"http","message":"POST /api/user 400 4.688 ms - 40","timestamp":"2022-04-10T02:09:27.733Z"}
{"level":"error","message":"\nInvalid `prisma.user.create()` invocation:\n\n{\n  data: {\n    name: 'Luiz Allan',\n    email: 'allankz@gmail.com',\n    password: '12345',\n    role: 'ADMINISTRATOR',\n    ~~~~\n    birthDate: '2022-04-10T02:05:58.408Z',\n    reviewer: true\n  }\n}\n\nUnknown arg `role` in data.role for type UserCreateInput. Did you mean `name`? Available args:\ntype UserCreateInput {\n  id?: String\n  email: String\n  name: String\n  birthDate: DateTime\n  reviewer?: Boolean | Null\n  password: String\n}\n\n","timestamp":"2022-04-10T02:09:27.737Z"}
{"level":"http","message":"POST /api/user 400 3.033 ms - 40","timestamp":"2022-04-10T02:09:27.739Z"}
{"level":"error","message":"\nInvalid `prisma.user.create()` invocation:\n\n{\n  data: {\n    name: 'Luiz Allan',\n    email: 'allankz@gmail.com',\n    password: '12345',\n    role: 'ADMINISTRATOR',\n    ~~~~\n    birthDate: '2022-04-10T02:05:58.408Z',\n    reviewer: true\n  }\n}\n\nUnknown arg `role` in data.role for type UserCreateInput. Did you mean `name`? Available args:\ntype UserCreateInput {\n  id?: String\n  email: String\n  name: String\n  birthDate: DateTime\n  reviewer?: Boolean | Null\n  password: String\n}\n\n","timestamp":"2022-04-10T02:09:27.744Z"}
{"level":"http","message":"POST /api/user 400 4.744 ms - 40","timestamp":"2022-04-10T02:09:27.748Z"}
{"level":"error","message":"\nInvalid `prisma.user.create()` invocation:\n\n{\n  data: {\n    name: 'Luiz Allan',\n    email: 'allankz@gmail.com',\n    password: '12345',\n    role: 'ADMINISTRATOR',\n    ~~~~\n    birthDate: '2022-04-10T02:05:58.408Z',\n    reviewer: true\n  }\n}\n\nUnknown arg `role` in data.role for type UserCreateInput. Did you mean `name`? Available args:\ntype UserCreateInput {\n  id?: String\n  email: String\n  name: String\n  birthDate: DateTime\n  reviewer?: Boolean | Null\n  password: String\n}\n\n","timestamp":"2022-04-10T02:09:27.754Z"}
{"level":"http","message":"POST /api/user 400 4.904 ms - 40","timestamp":"2022-04-10T02:09:27.756Z"}
{"level":"error","message":"\nInvalid `prisma.user.create()` invocation:\n\n{\n  data: {\n    name: 'Luiz Allan',\n    email: 'allankz@gmail.com',\n    password: '12345',\n    role: 'ADMINISTRATOR',\n    ~~~~\n    birthDate: '2022-04-10T02:05:58.408Z',\n    reviewer: true\n  }\n}\n\nUnknown arg `role` in data.role for type UserCreateInput. Did you mean `name`? Available args:\ntype UserCreateInput {\n  id?: String\n  email: String\n  name: String\n  birthDate: DateTime\n  reviewer?: Boolean | Null\n  password: String\n}\n\n","timestamp":"2022-04-10T02:09:27.761Z"}
{"level":"http","message":"POST /api/user 400 5.182 ms - 40","timestamp":"2022-04-10T02:09:27.766Z"}
{"level":"error","message":"\nInvalid `prisma.user.create()` invocation:\n\n{\n  data: {\n    name: 'Luiz Allan',\n    email: 'allankz@gmail.com',\n    password: '12345',\n    role: 'ADMINISTRATOR',\n    ~~~~\n    birthDate: '2022-04-10T02:05:58.408Z',\n    reviewer: true\n  }\n}\n\nUnknown arg `role` in data.role for type UserCreateInput. Did you mean `name`? Available args:\ntype UserCreateInput {\n  id?: String\n  email: String\n  name: String\n  birthDate: DateTime\n  reviewer?: Boolean | Null\n  password: String\n}\n\n","timestamp":"2022-04-10T02:09:27.771Z"}
{"level":"http","message":"POST /api/user 400 4.490 ms - 40","timestamp":"2022-04-10T02:09:27.773Z"}
{"level":"error","message":"\nInvalid `prisma.user.create()` invocation:\n\n{\n  data: {\n    name: 'Luiz Allan',\n    email: 'allankz@gmail.com',\n    password: '12345',\n    role: 'ADMINISTRATOR',\n    ~~~~\n    birthDate: '2022-04-10T02:05:58.408Z',\n    reviewer: true\n  }\n}\n\nUnknown arg `role` in data.role for type UserCreateInput. Did you mean `name`? Available args:\ntype UserCreateInput {\n  id?: String\n  email: String\n  name: String\n  birthDate: DateTime\n  reviewer?: Boolean | Null\n  password: String\n}\n\n","timestamp":"2022-04-10T02:09:27.779Z"}
{"level":"http","message":"POST /api/user 400 5.235 ms - 40","timestamp":"2022-04-10T02:09:27.783Z"}
{"level":"error","message":"\nInvalid `prisma.user.create()` invocation:\n\n{\n  data: {\n    name: 'Luiz Allan',\n    email: 'allankz@gmail.com',\n    password: '12345',\n    role: 'ADMINISTRATOR',\n    ~~~~\n    birthDate: '2022-04-10T02:05:58.408Z',\n    reviewer: true\n  }\n}\n\nUnknown arg `role` in data.role for type UserCreateInput. Did you mean `name`? Available args:\ntype UserCreateInput {\n  id?: String\n  email: String\n  name: String\n  birthDate: DateTime\n  reviewer?: Boolean | Null\n  password: String\n}\n\n","timestamp":"2022-04-10T02:09:27.787Z"}
{"level":"http","message":"POST /api/user 400 3.994 ms - 40","timestamp":"2022-04-10T02:09:27.791Z"}
{"level":"error","message":"\nInvalid `prisma.user.create()` invocation:\n\n{\n  data: {\n    name: 'Luiz Allan',\n    email: 'allankz@gmail.com',\n    password: '12345',\n    role: 'ADMINISTRATOR',\n    ~~~~\n    birthDate: '2022-04-10T02:05:58.408Z',\n    reviewer: true\n  }\n}\n\nUnknown arg `role` in data.role for type UserCreateInput. Did you mean `name`? Available args:\ntype UserCreateInput {\n  id?: String\n  email: String\n  name: String\n  birthDate: DateTime\n  reviewer?: Boolean | Null\n  password: String\n}\n\n","timestamp":"2022-04-10T02:09:27.795Z"}
{"level":"http","message":"POST /api/user 400 3.370 ms - 40","timestamp":"2022-04-10T02:09:27.798Z"}
{"level":"error","message":"\nInvalid `prisma.user.create()` invocation:\n\n{\n  data: {\n    name: 'Luiz Allan',\n    email: 'allankz@gmail.com',\n    password: '12345',\n    role: 'ADMINISTRATOR',\n    ~~~~\n    birthDate: '2022-04-10T02:05:58.408Z',\n    reviewer: true\n  }\n}\n\nUnknown arg `role` in data.role for type UserCreateInput. Did you mean `name`? Available args:\ntype UserCreateInput {\n  id?: String\n  email: String\n  name: String\n  birthDate: DateTime\n  reviewer?: Boolean | Null\n  password: String\n}\n\n","timestamp":"2022-04-10T02:09:27.805Z"}
{"level":"http","message":"POST /api/user 400 6.977 ms - 40","timestamp":"2022-04-10T02:09:27.808Z"}
{"level":"error","message":"\nInvalid `prisma.user.create()` invocation:\n\n{\n  data: {\n    name: 'Luiz Allan',\n    email: 'allankz@gmail.com',\n    password: '12345',\n    role: 'ADMINISTRATOR',\n    ~~~~\n    birthDate: '2022-04-10T02:05:58.408Z',\n    reviewer: true\n  }\n}\n\nUnknown arg `role` in data.role for type UserCreateInput. Did you mean `name`? Available args:\ntype UserCreateInput {\n  id?: String\n  email: String\n  name: String\n  birthDate: DateTime\n  reviewer?: Boolean | Null\n  password: String\n}\n\n","timestamp":"2022-04-10T02:09:27.813Z"}
{"level":"http","message":"POST /api/user 400 4.687 ms - 40","timestamp":"2022-04-10T02:09:27.815Z"}
{"level":"error","message":"\nInvalid `prisma.user.create()` invocation:\n\n{\n  data: {\n    name: 'Luiz Allan',\n    email: 'allankz@gmail.com',\n    password: '12345',\n    role: 'ADMINISTRATOR',\n    ~~~~\n    birthDate: '2022-04-10T02:05:58.408Z',\n    reviewer: true\n  }\n}\n\nUnknown arg `role` in data.role for type UserCreateInput. Did you mean `name`? Available args:\ntype UserCreateInput {\n  id?: String\n  email: String\n  name: String\n  birthDate: DateTime\n  reviewer?: Boolean | Null\n  password: String\n}\n\n","timestamp":"2022-04-10T02:09:27.821Z"}
{"level":"http","message":"POST /api/user 400 4.674 ms - 40","timestamp":"2022-04-10T02:09:27.823Z"}
{"level":"error","message":"\nInvalid `prisma.user.create()` invocation:\n\n{\n  data: {\n    name: 'Luiz Allan',\n    email: 'allankz@gmail.com',\n    password: '12345',\n    role: 'ADMINISTRATOR',\n    ~~~~\n    birthDate: '2022-04-10T02:05:58.408Z',\n    reviewer: true\n  }\n}\n\nUnknown arg `role` in data.role for type UserCreateInput. Did you mean `name`? Available args:\ntype UserCreateInput {\n  id?: String\n  email: String\n  name: String\n  birthDate: DateTime\n  reviewer?: Boolean | Null\n  password: String\n}\n\n","timestamp":"2022-04-10T02:09:27.829Z"}
{"level":"http","message":"POST /api/user 400 5.440 ms - 40","timestamp":"2022-04-10T02:09:27.833Z"}
{"level":"error","message":"\nInvalid `prisma.user.create()` invocation:\n\n{\n  data: {\n    name: 'Luiz Allan',\n    email: 'allankz@gmail.com',\n    password: '12345',\n    role: 'ADMINISTRATOR',\n    ~~~~\n    birthDate: '2022-04-10T02:05:58.408Z',\n    reviewer: true\n  }\n}\n\nUnknown arg `role` in data.role for type UserCreateInput. Did you mean `name`? Available args:\ntype UserCreateInput {\n  id?: String\n  email: String\n  name: String\n  birthDate: DateTime\n  reviewer?: Boolean | Null\n  password: String\n}\n\n","timestamp":"2022-04-10T02:09:27.838Z"}
{"level":"http","message":"POST /api/user 400 4.267 ms - 40","timestamp":"2022-04-10T02:09:27.840Z"}
{"level":"error","message":"\nInvalid `prisma.user.create()` invocation:\n\n{\n  data: {\n    name: 'Luiz Allan',\n    email: 'allankz@gmail.com',\n    password: '12345',\n    role: 'ADMINISTRATOR',\n    ~~~~\n    birthDate: '2022-04-10T02:05:58.408Z',\n    reviewer: true\n  }\n}\n\nUnknown arg `role` in data.role for type UserCreateInput. Did you mean `name`? Available args:\ntype UserCreateInput {\n  id?: String\n  email: String\n  name: String\n  birthDate: DateTime\n  reviewer?: Boolean | Null\n  password: String\n}\n\n","timestamp":"2022-04-10T02:09:27.844Z"}
{"level":"http","message":"POST /api/user 400 3.285 ms - 40","timestamp":"2022-04-10T02:09:27.846Z"}
{"level":"error","message":"\nInvalid `prisma.user.create()` invocation:\n\n{\n  data: {\n    name: 'Luiz Allan',\n    email: 'allankz@gmail.com',\n    password: '12345',\n    role: 'ADMINISTRATOR',\n    ~~~~\n    birthDate: '2022-04-10T02:05:58.408Z',\n    reviewer: true\n  }\n}\n\nUnknown arg `role` in data.role for type UserCreateInput. Did you mean `name`? Available args:\ntype UserCreateInput {\n  id?: String\n  email: String\n  name: String\n  birthDate: DateTime\n  reviewer?: Boolean | Null\n  password: String\n}\n\n","timestamp":"2022-04-10T02:09:27.852Z"}
{"level":"http","message":"POST /api/user 400 24.615 ms - 40","timestamp":"2022-04-10T02:09:27.874Z"}
{"level":"error","message":"\nInvalid `prisma.user.create()` invocation:\n\n{\n  data: {\n    name: 'Luiz Allan',\n    email: 'allankz@gmail.com',\n    password: '12345',\n    role: 'ADMINISTRATOR',\n    ~~~~\n    birthDate: '2022-04-10T02:05:58.408Z',\n    reviewer: true\n  }\n}\n\nUnknown arg `role` in data.role for type UserCreateInput. Did you mean `name`? Available args:\ntype UserCreateInput {\n  id?: String\n  email: String\n  name: String\n  birthDate: DateTime\n  reviewer?: Boolean | Null\n  password: String\n}\n\n","timestamp":"2022-04-10T02:09:27.883Z"}
{"level":"http","message":"POST /api/user 400 6.727 ms - 40","timestamp":"2022-04-10T02:09:27.885Z"}
{"level":"error","message":"\nInvalid `prisma.user.create()` invocation:\n\n{\n  data: {\n    name: 'Luiz Allan',\n    email: 'allankz@gmail.com',\n    password: '12345',\n    role: 'ADMINISTRATOR',\n    ~~~~\n    birthDate: '2022-04-10T02:05:58.408Z',\n    reviewer: true\n  }\n}\n\nUnknown arg `role` in data.role for type UserCreateInput. Did you mean `name`? Available args:\ntype UserCreateInput {\n  id?: String\n  email: String\n  name: String\n  birthDate: DateTime\n  reviewer?: Boolean | Null\n  password: String\n}\n\n","timestamp":"2022-04-10T02:09:27.889Z"}
{"level":"http","message":"POST /api/user 400 3.721 ms - 40","timestamp":"2022-04-10T02:09:27.891Z"}
{"level":"error","message":"\nInvalid `prisma.user.create()` invocation:\n\n{\n  data: {\n    name: 'Luiz Allan',\n    email: 'allankz@gmail.com',\n    password: '12345',\n    role: 'ADMINISTRATOR',\n    ~~~~\n    birthDate: '2022-04-10T02:05:58.408Z',\n    reviewer: true\n  }\n}\n\nUnknown arg `role` in data.role for type UserCreateInput. Did you mean `name`? Available args:\ntype UserCreateInput {\n  id?: String\n  email: String\n  name: String\n  birthDate: DateTime\n  reviewer?: Boolean | Null\n  password: String\n}\n\n","timestamp":"2022-04-10T02:09:27.896Z"}
{"level":"http","message":"POST /api/user 400 4.077 ms - 40","timestamp":"2022-04-10T02:09:27.898Z"}
{"level":"error","message":"\nInvalid `prisma.user.create()` invocation:\n\n{\n  data: {\n    name: 'Luiz Allan',\n    email: 'allankz@gmail.com',\n    password: '12345',\n    role: 'ADMINISTRATOR',\n    ~~~~\n    birthDate: '2022-04-10T02:05:58.408Z',\n    reviewer: true\n  }\n}\n\nUnknown arg `role` in data.role for type UserCreateInput. Did you mean `name`? Available args:\ntype UserCreateInput {\n  id?: String\n  email: String\n  name: String\n  birthDate: DateTime\n  reviewer?: Boolean | Null\n  password: String\n}\n\n","timestamp":"2022-04-10T02:09:27.904Z"}
{"level":"http","message":"POST /api/user 400 3.602 ms - 40","timestamp":"2022-04-10T02:09:27.906Z"}
{"level":"error","message":"\nInvalid `prisma.user.create()` invocation:\n\n{\n  data: {\n    name: 'Luiz Allan',\n    email: 'allankz@gmail.com',\n    password: '12345',\n    role: 'ADMINISTRATOR',\n    ~~~~\n    birthDate: '2022-04-10T02:05:58.408Z',\n    reviewer: true\n  }\n}\n\nUnknown arg `role` in data.role for type UserCreateInput. Did you mean `name`? Available args:\ntype UserCreateInput {\n  id?: String\n  email: String\n  name: String\n  birthDate: DateTime\n  reviewer?: Boolean | Null\n  password: String\n}\n\n","timestamp":"2022-04-10T02:09:27.910Z"}
{"level":"http","message":"POST /api/user 400 3.953 ms - 40","timestamp":"2022-04-10T02:09:27.912Z"}
{"level":"error","message":"\nInvalid `prisma.user.create()` invocation:\n\n{\n  data: {\n    name: 'Luiz Allan',\n    email: 'allankz@gmail.com',\n    password: '12345',\n    role: 'ADMINISTRATOR',\n    ~~~~\n    birthDate: '2022-04-10T02:05:58.408Z',\n    reviewer: true\n  }\n}\n\nUnknown arg `role` in data.role for type UserCreateInput. Did you mean `name`? Available args:\ntype UserCreateInput {\n  id?: String\n  email: String\n  name: String\n  birthDate: DateTime\n  reviewer?: Boolean | Null\n  password: String\n}\n\n","timestamp":"2022-04-10T02:09:27.918Z"}
{"level":"http","message":"POST /api/user 400 3.788 ms - 40","timestamp":"2022-04-10T02:09:27.920Z"}
{"level":"error","message":"\nInvalid `prisma.user.create()` invocation:\n\n{\n  data: {\n    name: 'Luiz Allan',\n    email: 'allankz@gmail.com',\n    password: '12345',\n    role: 'ADMINISTRATOR',\n    ~~~~\n    birthDate: '2022-04-10T02:05:58.408Z',\n    reviewer: true\n  }\n}\n\nUnknown arg `role` in data.role for type UserCreateInput. Did you mean `name`? Available args:\ntype UserCreateInput {\n  id?: String\n  email: String\n  name: String\n  birthDate: DateTime\n  reviewer?: Boolean | Null\n  password: String\n}\n\n","timestamp":"2022-04-10T02:09:27.924Z"}
{"level":"http","message":"POST /api/user 400 3.585 ms - 40","timestamp":"2022-04-10T02:09:27.926Z"}
{"level":"error","message":"\nInvalid `prisma.user.create()` invocation:\n\n{\n  data: {\n    name: 'Luiz Allan',\n    email: 'allankz@gmail.com',\n    password: '12345',\n    role: 'ADMINISTRATOR',\n    ~~~~\n    birthDate: '2022-04-10T02:05:58.408Z',\n    reviewer: true\n  }\n}\n\nUnknown arg `role` in data.role for type UserCreateInput. Did you mean `name`? Available args:\ntype UserCreateInput {\n  id?: String\n  email: String\n  name: String\n  birthDate: DateTime\n  reviewer?: Boolean | Null\n  password: String\n}\n\n","timestamp":"2022-04-10T02:09:27.930Z"}
{"level":"http","message":"POST /api/user 400 7.221 ms - 40","timestamp":"2022-04-10T02:09:27.936Z"}
{"level":"error","message":"\nInvalid `prisma.user.create()` invocation:\n\n{\n  data: {\n    name: 'Luiz Allan',\n    email: 'allankz@gmail.com',\n    password: '12345',\n    role: 'ADMINISTRATOR',\n    ~~~~\n    birthDate: '2022-04-10T02:05:58.408Z',\n    reviewer: true\n  }\n}\n\nUnknown arg `role` in data.role for type UserCreateInput. Did you mean `name`? Available args:\ntype UserCreateInput {\n  id?: String\n  email: String\n  name: String\n  birthDate: DateTime\n  reviewer?: Boolean | Null\n  password: String\n}\n\n","timestamp":"2022-04-10T02:09:27.941Z"}
{"level":"http","message":"POST /api/user 400 3.572 ms - 40","timestamp":"2022-04-10T02:09:27.942Z"}
{"level":"error","message":"\nInvalid `prisma.user.create()` invocation:\n\n{\n  data: {\n    name: 'Luiz Allan',\n    email: 'allankz@gmail.com',\n    password: '12345',\n    role: 'ADMINISTRATOR',\n    ~~~~\n    birthDate: '2022-04-10T02:05:58.408Z',\n    reviewer: true\n  }\n}\n\nUnknown arg `role` in data.role for type UserCreateInput. Did you mean `name`? Available args:\ntype UserCreateInput {\n  id?: String\n  email: String\n  name: String\n  birthDate: DateTime\n  reviewer?: Boolean | Null\n  password: String\n}\n\n","timestamp":"2022-04-10T02:09:27.948Z"}
{"level":"http","message":"POST /api/user 400 6.053 ms - 40","timestamp":"2022-04-10T02:09:27.952Z"}
{"level":"error","message":"\nInvalid `prisma.user.create()` invocation:\n\n{\n  data: {\n    name: 'Luiz Allan',\n    email: 'allankz@gmail.com',\n    password: '12345',\n    role: 'ADMINISTRATOR',\n    ~~~~\n    birthDate: '2022-04-10T02:05:58.408Z',\n    reviewer: true\n  }\n}\n\nUnknown arg `role` in data.role for type UserCreateInput. Did you mean `name`? Available args:\ntype UserCreateInput {\n  id?: String\n  email: String\n  name: String\n  birthDate: DateTime\n  reviewer?: Boolean | Null\n  password: String\n}\n\n","timestamp":"2022-04-10T02:09:27.956Z"}
{"level":"http","message":"POST /api/user 400 2.950 ms - 40","timestamp":"2022-04-10T02:09:27.957Z"}
{"level":"error","message":"\nInvalid `prisma.user.create()` invocation:\n\n{\n  data: {\n    name: 'Luiz Allan',\n    email: 'allankz@gmail.com',\n    password: '12345',\n    role: 'ADMINISTRATOR',\n    ~~~~\n    birthDate: '2022-04-10T02:05:58.408Z',\n    reviewer: true\n  }\n}\n\nUnknown arg `role` in data.role for type UserCreateInput. Did you mean `name`? Available args:\ntype UserCreateInput {\n  id?: String\n  email: String\n  name: String\n  birthDate: DateTime\n  reviewer?: Boolean | Null\n  password: String\n}\n\n","timestamp":"2022-04-10T02:09:27.961Z"}
{"level":"http","message":"POST /api/user 400 3.276 ms - 40","timestamp":"2022-04-10T02:09:27.964Z"}
{"level":"error","message":"\nInvalid `prisma.user.create()` invocation:\n\n{\n  data: {\n    name: 'Luiz Allan',\n    email: 'allankz@gmail.com',\n    password: '12345',\n    role: 'ADMINISTRATOR',\n    ~~~~\n    birthDate: '2022-04-10T02:05:58.408Z',\n    reviewer: true\n  }\n}\n\nUnknown arg `role` in data.role for type UserCreateInput. Did you mean `name`? Available args:\ntype UserCreateInput {\n  id?: String\n  email: String\n  name: String\n  birthDate: DateTime\n  reviewer?: Boolean | Null\n  password: String\n}\n\n","timestamp":"2022-04-10T02:09:27.969Z"}
{"level":"http","message":"POST /api/user 400 2.756 ms - 40","timestamp":"2022-04-10T02:09:27.971Z"}
{"level":"error","message":"\nInvalid `prisma.user.create()` invocation:\n\n{\n  data: {\n    name: 'Luiz Allan',\n    email: 'allankz@gmail.com',\n    password: '12345',\n    role: 'ADMINISTRATOR',\n    ~~~~\n    birthDate: '2022-04-10T02:05:58.408Z',\n    reviewer: true\n  }\n}\n\nUnknown arg `role` in data.role for type UserCreateInput. Did you mean `name`? Available args:\ntype UserCreateInput {\n  id?: String\n  email: String\n  name: String\n  birthDate: DateTime\n  reviewer?: Boolean | Null\n  password: String\n}\n\n","timestamp":"2022-04-10T02:09:27.975Z"}
{"level":"http","message":"POST /api/user 400 3.588 ms - 40","timestamp":"2022-04-10T02:09:27.977Z"}
{"level":"error","message":"\nInvalid `prisma.user.create()` invocation:\n\n{\n  data: {\n    name: 'Luiz Allan',\n    email: 'allankz@gmail.com',\n    password: '12345',\n    role: 'ADMINISTRATOR',\n    ~~~~\n    birthDate: '2022-04-10T02:05:58.408Z',\n    reviewer: true\n  }\n}\n\nUnknown arg `role` in data.role for type UserCreateInput. Did you mean `name`? Available args:\ntype UserCreateInput {\n  id?: String\n  email: String\n  name: String\n  birthDate: DateTime\n  reviewer?: Boolean | Null\n  password: String\n}\n\n","timestamp":"2022-04-10T02:09:27.983Z"}
{"level":"http","message":"POST /api/user 400 4.235 ms - 40","timestamp":"2022-04-10T02:09:27.985Z"}
{"level":"error","message":"\nInvalid `prisma.user.create()` invocation:\n\n{\n  data: {\n    name: 'Luiz Allan',\n    email: 'allankz@gmail.com',\n    password: '12345',\n    role: 'ADMINISTRATOR',\n    ~~~~\n    birthDate: '2022-04-10T02:05:58.408Z',\n    reviewer: true\n  }\n}\n\nUnknown arg `role` in data.role for type UserCreateInput. Did you mean `name`? Available args:\ntype UserCreateInput {\n  id?: String\n  email: String\n  name: String\n  birthDate: DateTime\n  reviewer?: Boolean | Null\n  password: String\n}\n\n","timestamp":"2022-04-10T02:09:27.989Z"}
{"level":"http","message":"POST /api/user 400 3.165 ms - 40","timestamp":"2022-04-10T02:09:27.991Z"}
{"level":"error","message":"\nInvalid `prisma.user.create()` invocation:\n\n{\n  data: {\n    name: 'Luiz Allan',\n    email: 'allankz@gmail.com',\n    password: '12345',\n    role: 'ADMINISTRATOR',\n    ~~~~\n    birthDate: '2022-04-10T02:05:58.408Z',\n    reviewer: true\n  }\n}\n\nUnknown arg `role` in data.role for type UserCreateInput. Did you mean `name`? Available args:\ntype UserCreateInput {\n  id?: String\n  email: String\n  name: String\n  birthDate: DateTime\n  reviewer?: Boolean | Null\n  password: String\n}\n\n","timestamp":"2022-04-10T02:09:27.995Z"}
{"level":"http","message":"POST /api/user 400 6.716 ms - 40","timestamp":"2022-04-10T02:09:28.000Z"}
{"level":"error","message":"\nInvalid `prisma.user.create()` invocation:\n\n{\n  data: {\n    name: 'Luiz Allan',\n    email: 'allankz@gmail.com',\n    password: '12345',\n    role: 'ADMINISTRATOR',\n    ~~~~\n    birthDate: '2022-04-10T02:05:58.408Z',\n    reviewer: true\n  }\n}\n\nUnknown arg `role` in data.role for type UserCreateInput. Did you mean `name`? Available args:\ntype UserCreateInput {\n  id?: String\n  email: String\n  name: String\n  birthDate: DateTime\n  reviewer?: Boolean | Null\n  password: String\n}\n\n","timestamp":"2022-04-10T02:09:28.004Z"}
{"level":"http","message":"POST /api/user 400 3.927 ms - 40","timestamp":"2022-04-10T02:09:28.006Z"}
{"level":"error","message":"\nInvalid `prisma.user.create()` invocation:\n\n{\n  data: {\n    name: 'Luiz Allan',\n    email: 'allankz@gmail.com',\n    password: '12345',\n    role: 'ADMINISTRATOR',\n    ~~~~\n    birthDate: '2022-04-10T02:05:58.408Z',\n    reviewer: true\n  }\n}\n\nUnknown arg `role` in data.role for type UserCreateInput. Did you mean `name`? Available args:\ntype UserCreateInput {\n  id?: String\n  email: String\n  name: String\n  birthDate: DateTime\n  reviewer?: Boolean | Null\n  password: String\n}\n\n","timestamp":"2022-04-10T02:09:28.012Z"}
{"level":"http","message":"POST /api/user 400 5.941 ms - 40","timestamp":"2022-04-10T02:09:28.016Z"}
{"level":"error","message":"\nInvalid `prisma.user.create()` invocation:\n\n{\n  data: {\n    name: 'Luiz Allan',\n    email: 'allankz@gmail.com',\n    password: '12345',\n    role: 'ADMINISTRATOR',\n    ~~~~\n    birthDate: '2022-04-10T02:05:58.408Z',\n    reviewer: true\n  }\n}\n\nUnknown arg `role` in data.role for type UserCreateInput. Did you mean `name`? Available args:\ntype UserCreateInput {\n  id?: String\n  email: String\n  name: String\n  birthDate: DateTime\n  reviewer?: Boolean | Null\n  password: String\n}\n\n","timestamp":"2022-04-10T02:09:28.020Z"}
{"level":"http","message":"POST /api/user 400 3.566 ms - 40","timestamp":"2022-04-10T02:09:28.022Z"}
{"level":"error","message":"\nInvalid `prisma.user.create()` invocation:\n\n{\n  data: {\n    name: 'Luiz Allan',\n    email: 'allankz@gmail.com',\n    password: '12345',\n    role: 'ADMINISTRATOR',\n    ~~~~\n    birthDate: '2022-04-10T02:05:58.408Z',\n    reviewer: true\n  }\n}\n\nUnknown arg `role` in data.role for type UserCreateInput. Did you mean `name`? Available args:\ntype UserCreateInput {\n  id?: String\n  email: String\n  name: String\n  birthDate: DateTime\n  reviewer?: Boolean | Null\n  password: String\n}\n\n","timestamp":"2022-04-10T02:09:28.027Z"}
{"level":"http","message":"POST /api/user 400 5.428 ms - 40","timestamp":"2022-04-10T02:09:28.031Z"}
{"level":"error","message":"\nInvalid `prisma.user.create()` invocation:\n\n{\n  data: {\n    name: 'Luiz Allan',\n    email: 'allankz@gmail.com',\n    password: '12345',\n    role: 'ADMINISTRATOR',\n    ~~~~\n    birthDate: '2022-04-10T02:05:58.408Z',\n    reviewer: true\n  }\n}\n\nUnknown arg `role` in data.role for type UserCreateInput. Did you mean `name`? Available args:\ntype UserCreateInput {\n  id?: String\n  email: String\n  name: String\n  birthDate: DateTime\n  reviewer?: Boolean | Null\n  password: String\n}\n\n","timestamp":"2022-04-10T02:09:28.036Z"}
{"level":"http","message":"POST /api/user 400 3.761 ms - 40","timestamp":"2022-04-10T02:09:28.038Z"}
{"level":"error","message":"\nInvalid `prisma.user.create()` invocation:\n\n{\n  data: {\n    name: 'Luiz Allan',\n    email: 'allankz@gmail.com',\n    password: '12345',\n    role: 'ADMINISTRATOR',\n    ~~~~\n    birthDate: '2022-04-10T02:05:58.408Z',\n    reviewer: true\n  }\n}\n\nUnknown arg `role` in data.role for type UserCreateInput. Did you mean `name`? Available args:\ntype UserCreateInput {\n  id?: String\n  email: String\n  name: String\n  birthDate: DateTime\n  reviewer?: Boolean | Null\n  password: String\n}\n\n","timestamp":"2022-04-10T02:09:28.044Z"}
{"level":"http","message":"POST /api/user 400 5.785 ms - 40","timestamp":"2022-04-10T02:09:28.047Z"}
{"level":"error","message":"\nInvalid `prisma.user.create()` invocation:\n\n{\n  data: {\n    name: 'Luiz Allan',\n    email: 'allankz@gmail.com',\n    password: '12345',\n    role: 'ADMINISTRATOR',\n    ~~~~\n    birthDate: '2022-04-10T02:05:58.408Z',\n    reviewer: true\n  }\n}\n\nUnknown arg `role` in data.role for type UserCreateInput. Did you mean `name`? Available args:\ntype UserCreateInput {\n  id?: String\n  email: String\n  name: String\n  birthDate: DateTime\n  reviewer?: Boolean | Null\n  password: String\n}\n\n","timestamp":"2022-04-10T02:09:28.052Z"}
{"level":"http","message":"POST /api/user 400 3.900 ms - 40","timestamp":"2022-04-10T02:09:28.055Z"}
{"level":"error","message":"\nInvalid `prisma.user.create()` invocation:\n\n{\n  data: {\n    name: 'Luiz Allan',\n    email: 'allankz@gmail.com',\n    password: '12345',\n    role: 'ADMINISTRATOR',\n    ~~~~\n    birthDate: '2022-04-10T02:05:58.408Z',\n    reviewer: true\n  }\n}\n\nUnknown arg `role` in data.role for type UserCreateInput. Did you mean `name`? Available args:\ntype UserCreateInput {\n  id?: String\n  email: String\n  name: String\n  birthDate: DateTime\n  reviewer?: Boolean | Null\n  password: String\n}\n\n","timestamp":"2022-04-10T02:09:28.059Z"}
{"level":"http","message":"POST /api/user 400 5.464 ms - 40","timestamp":"2022-04-10T02:09:28.063Z"}
{"level":"error","message":"\nInvalid `prisma.user.create()` invocation:\n\n{\n  data: {\n    name: 'Luiz Allan',\n    email: 'allankz@gmail.com',\n    password: '12345',\n    role: 'ADMINISTRATOR',\n    ~~~~\n    birthDate: '2022-04-10T02:05:58.408Z',\n    reviewer: true\n  }\n}\n\nUnknown arg `role` in data.role for type UserCreateInput. Did you mean `name`? Available args:\ntype UserCreateInput {\n  id?: String\n  email: String\n  name: String\n  birthDate: DateTime\n  reviewer?: Boolean | Null\n  password: String\n}\n\n","timestamp":"2022-04-10T02:09:28.068Z"}
{"level":"http","message":"POST /api/user 400 3.704 ms - 40","timestamp":"2022-04-10T02:09:28.071Z"}
{"level":"error","message":"\nInvalid `prisma.user.create()` invocation:\n\n{\n  data: {\n    name: 'Luiz Allan',\n    email: 'allankz@gmail.com',\n    password: '12345',\n    role: 'ADMINISTRATOR',\n    ~~~~\n    birthDate: '2022-04-10T02:05:58.408Z',\n    reviewer: true\n  }\n}\n\nUnknown arg `role` in data.role for type UserCreateInput. Did you mean `name`? Available args:\ntype UserCreateInput {\n  id?: String\n  email: String\n  name: String\n  birthDate: DateTime\n  reviewer?: Boolean | Null\n  password: String\n}\n\n","timestamp":"2022-04-10T02:09:28.075Z"}
{"level":"http","message":"POST /api/user 400 4.355 ms - 40","timestamp":"2022-04-10T02:09:28.078Z"}
{"level":"error","message":"\nInvalid `prisma.user.create()` invocation:\n\n{\n  data: {\n    name: 'Luiz Allan',\n    email: 'allankz@gmail.com',\n    password: '12345',\n    role: 'ADMINISTRATOR',\n    ~~~~\n    birthDate: '2022-04-10T02:05:58.408Z',\n    reviewer: true\n  }\n}\n\nUnknown arg `role` in data.role for type UserCreateInput. Did you mean `name`? Available args:\ntype UserCreateInput {\n  id?: String\n  email: String\n  name: String\n  birthDate: DateTime\n  reviewer?: Boolean | Null\n  password: String\n}\n\n","timestamp":"2022-04-10T02:09:28.083Z"}
{"level":"http","message":"POST /api/user 400 5.074 ms - 40","timestamp":"2022-04-10T02:09:28.086Z"}
{"level":"error","message":"\nInvalid `prisma.user.create()` invocation:\n\n{\n  data: {\n    name: 'Luiz Allan',\n    email: 'allankz@gmail.com',\n    password: '12345',\n    role: 'ADMINISTRATOR',\n    ~~~~\n    birthDate: '2022-04-10T02:05:58.408Z',\n    reviewer: true\n  }\n}\n\nUnknown arg `role` in data.role for type UserCreateInput. Did you mean `name`? Available args:\ntype UserCreateInput {\n  id?: String\n  email: String\n  name: String\n  birthDate: DateTime\n  reviewer?: Boolean | Null\n  password: String\n}\n\n","timestamp":"2022-04-10T02:09:28.090Z"}
{"level":"http","message":"POST /api/user 400 4.619 ms - 40","timestamp":"2022-04-10T02:09:28.093Z"}
{"level":"error","message":"Model: ticket not found on Prisma Schema","timestamp":"2022-04-10T02:09:52.919Z"}
{"level":"info","message":"Listening PORT: 3333","timestamp":"2022-04-10T02:09:53.074Z"}
{"level":"http","message":"GET /api/user 304 313.633 ms - -","timestamp":"2022-04-10T02:10:04.033Z"}
{"level":"error","message":"\nInvalid `prisma.user.create()` invocation:\n\n{\n  data: {\n    name: 'Luiz Allan',\n    email: 'allankz@gmail.com',\n    password: '12345',\n    role: 'USER',\n    ~~~~\n    birthDate: '2022-04-10T02:10:12.551Z',\n    reviewer: true\n  }\n}\n\nUnknown arg `role` in data.role for type UserCreateInput. Did you mean `name`? Available args:\ntype UserCreateInput {\n  id?: String\n  email: String\n  name: String\n  birthDate: DateTime\n  reviewer?: Boolean | Null\n  password: String\n}\n\n","timestamp":"2022-04-10T02:10:24.641Z"}
{"level":"http","message":"POST /api/user 400 13.979 ms - 40","timestamp":"2022-04-10T02:10:24.646Z"}
{"level":"error","message":"\nInvalid `prisma.user.create()` invocation:\n\n{\n  data: {\n    name: 'Luiz Allan',\n    email: 'allankz@gmail.com',\n    password: '12345',\n    role: 'USER',\n    ~~~~\n    birthDate: '2022-04-10T02:10:12.551Z',\n    reviewer: true\n  }\n}\n\nUnknown arg `role` in data.role for type UserCreateInput. Did you mean `name`? Available args:\ntype UserCreateInput {\n  id?: String\n  email: String\n  name: String\n  birthDate: DateTime\n  reviewer?: Boolean | Null\n  password: String\n}\n\n","timestamp":"2022-04-10T02:10:41.987Z"}
{"level":"http","message":"POST /api/user 400 10.494 ms - 40","timestamp":"2022-04-10T02:10:41.990Z"}
{"level":"error","message":"\nInvalid `prisma.user.create()` invocation:\n\n{\n  data: {\n    name: 'Luiz Allan',\n    email: 'allankz@gmail.com',\n    password: '12345',\n    role: 'USER',\n    ~~~~\n    birthDate: '2022-04-10T02:10:12.551Z',\n    reviewer: true\n  }\n}\n\nUnknown arg `role` in data.role for type UserCreateInput. Did you mean `name`? Available args:\ntype UserCreateInput {\n  id?: String\n  email: String\n  name: String\n  birthDate: DateTime\n  reviewer?: Boolean | Null\n  password: String\n}\n\n","timestamp":"2022-04-10T02:10:51.417Z"}
{"level":"http","message":"POST /api/user 400 6.715 ms - 40","timestamp":"2022-04-10T02:10:51.421Z"}
{"level":"error","message":"\nInvalid `prisma.user.create()` invocation:\n\n{\n  data: {\n    name: 'Luiz Allan',\n    email: 'allankz@gmail.com',\n    password: '12345',\n    role: 'USER',\n    ~~~~\n    birthDate: '2022-04-10T02:10:12.551Z',\n    reviewer: true\n  }\n}\n\nUnknown arg `role` in data.role for type UserCreateInput. Did you mean `name`? Available args:\ntype UserCreateInput {\n  id?: String\n  email: String\n  name: String\n  birthDate: DateTime\n  reviewer?: Boolean | Null\n  password: String\n}\n\n","timestamp":"2022-04-10T02:11:28.621Z"}
{"level":"http","message":"POST /api/user 400 5.504 ms - 40","timestamp":"2022-04-10T02:11:28.626Z"}
{"level":"http","message":"GET /api/user 304 19.051 ms - -","timestamp":"2022-04-10T02:13:37.419Z"}
{"level":"http","message":"GET /api/user 304 37.819 ms - -","timestamp":"2022-04-10T02:13:58.333Z"}
{"level":"http","message":"GET /api/user 304 18.975 ms - -","timestamp":"2022-04-10T02:14:16.313Z"}
{"level":"http","message":"GET /api/user 304 14.779 ms - -","timestamp":"2022-04-10T02:14:19.273Z"}
{"level":"http","message":"GET /api/user 304 4.374 ms - -","timestamp":"2022-04-10T02:14:31.244Z"}
{"level":"http","message":"GET /api/user 304 7.755 ms - -","timestamp":"2022-04-10T02:14:35.265Z"}
{"level":"http","message":"GET /api/user 304 8.441 ms - -","timestamp":"2022-04-10T02:14:43.307Z"}
{"level":"http","message":"GET /api/user 304 7.150 ms - -","timestamp":"2022-04-10T02:15:02.275Z"}
