{"level":"error","message":"Model: ticket not found on Prisma Schema","timestamp":"2022-03-31T03:05:07.518Z"}
{"level":"info","message":"Listening PORT: 3000","timestamp":"2022-03-31T03:05:08.270Z"}
{"level":"error","message":"Model: ticket not found on Prisma Schema","timestamp":"2022-03-31T14:15:43.448Z"}
{"level":"info","message":"Listening PORT: 3000","timestamp":"2022-03-31T14:15:50.640Z"}
{"level":"error","message":"Model: ticket not found on Prisma Schema","timestamp":"2022-03-31T14:17:19.912Z"}
{"level":"info","message":"Listening PORT: 3000","timestamp":"2022-03-31T14:17:19.989Z"}
{"level":"http","message":"GET / 200 13.270 ms - 35","timestamp":"2022-03-31T14:19:50.178Z"}
{"level":"http","message":"GET /favicon.ico 404 6.645 ms - 150","timestamp":"2022-03-31T14:19:53.621Z"}
{"level":"http","message":"GET / 304 1.221 ms - -","timestamp":"2022-03-31T14:20:54.588Z"}
{"level":"error","message":"Model: ticket not found on Prisma Schema","timestamp":"2022-03-31T14:50:43.772Z"}
{"level":"info","message":"Listening PORT: 3000","timestamp":"2022-03-31T14:50:43.908Z"}
{"level":"error","message":"Model: ticket not found on Prisma Schema","timestamp":"2022-03-31T21:37:57.576Z"}
{"level":"info","message":"Listening PORT: 3000","timestamp":"2022-03-31T21:37:58.151Z"}
{"level":"http","message":"GET /api/movie/ 200 2519.993 ms - 460","timestamp":"2022-03-31T21:38:11.581Z"}
{"level":"http","message":"GET /api/session/ 200 93.366 ms - 153","timestamp":"2022-03-31T21:38:19.777Z"}
{"level":"error","message":"Model: ticket not found on Prisma Schema","timestamp":"2022-03-31T21:39:33.613Z"}
{"level":"info","message":"Listening PORT: 3000","timestamp":"2022-03-31T21:39:33.642Z"}
{"level":"http","message":"GET /api/session/ 200 66.622 ms - 153","timestamp":"2022-03-31T21:39:34.646Z"}
{"level":"http","message":"GET /api/session/ 200 4.365 ms - 153","timestamp":"2022-03-31T21:39:35.799Z"}
{"level":"error","message":"Model: ticket not found on Prisma Schema","timestamp":"2022-03-31T21:40:47.274Z"}
{"level":"info","message":"Listening PORT: 3000","timestamp":"2022-03-31T21:40:47.299Z"}
{"level":"error","message":"Model: ticket not found on Prisma Schema","timestamp":"2022-03-31T21:41:26.269Z"}
{"level":"info","message":"Listening PORT: 3000","timestamp":"2022-03-31T21:41:26.321Z"}
{"level":"error","message":"Model: ticket not found on Prisma Schema","timestamp":"2022-03-31T21:41:28.047Z"}
{"level":"info","message":"Listening PORT: 3000","timestamp":"2022-03-31T21:41:28.071Z"}
{"level":"error","message":"Model: ticket not found on Prisma Schema","timestamp":"2022-03-31T21:41:50.549Z"}
{"level":"info","message":"Listening PORT: 3000","timestamp":"2022-03-31T21:41:50.577Z"}
{"level":"error","message":"Model: ticket not found on Prisma Schema","timestamp":"2022-03-31T21:41:54.330Z"}
{"level":"info","message":"Listening PORT: 3000","timestamp":"2022-03-31T21:41:54.359Z"}
{"level":"error","message":"Model: ticket not found on Prisma Schema","timestamp":"2022-03-31T21:41:58.885Z"}
{"level":"info","message":"Listening PORT: 3000","timestamp":"2022-03-31T21:41:58.929Z"}
{"level":"error","message":"Model: ticket not found on Prisma Schema","timestamp":"2022-03-31T21:42:00.541Z"}
{"level":"info","message":"Listening PORT: 3000","timestamp":"2022-03-31T21:42:00.585Z"}
{"level":"http","message":"GET /api/session/ 200 62.361 ms - 153","timestamp":"2022-03-31T21:42:05.667Z"}
{"level":"http","message":"POST /api/session/ 200 2.446 ms - 10150","timestamp":"2022-03-31T21:56:40.068Z"}
{"level":"error","message":"Model: ticket not found on Prisma Schema","timestamp":"2022-03-31T21:58:19.140Z"}
{"level":"info","message":"Listening PORT: 3000","timestamp":"2022-03-31T21:58:19.176Z"}
{"level":"error","message":"Model: ticket not found on Prisma Schema","timestamp":"2022-03-31T22:26:08.857Z"}
{"level":"info","message":"Listening PORT: 3000","timestamp":"2022-03-31T22:26:08.944Z"}
{"level":"error","message":"Model: ticket not found on Prisma Schema","timestamp":"2022-03-31T22:38:31.506Z"}
{"level":"info","message":"Listening PORT: 3000","timestamp":"2022-03-31T22:38:32.125Z"}
{"level":"error","message":"Model: ticket not found on Prisma Schema","timestamp":"2022-03-31T22:39:04.200Z"}
{"level":"info","message":"Listening PORT: 3000","timestamp":"2022-03-31T22:39:04.266Z"}
{"level":"error","message":"Model: ticket not found on Prisma Schema","timestamp":"2022-03-31T22:39:11.210Z"}
{"level":"info","message":"Listening PORT: 3000","timestamp":"2022-03-31T22:39:11.238Z"}
