{"level":"error","message":"Model: ticket not found on Prisma Schema","timestamp":"2022-04-01T20:45:54.454Z"}
{"level":"info","message":"Listening PORT: 3000","timestamp":"2022-04-01T20:45:55.110Z"}
{"level":"error","message":"Model: ticket not found on Prisma Schema","timestamp":"2022-04-01T20:46:33.167Z"}
{"level":"info","message":"Listening PORT: 3000","timestamp":"2022-04-01T20:46:33.196Z"}
{"level":"error","message":"Model: ticket not found on Prisma Schema","timestamp":"2022-04-01T20:49:30.743Z"}
{"level":"info","message":"Listening PORT: 3000","timestamp":"2022-04-01T20:49:30.769Z"}
{"level":"error","message":"Model: ticket not found on Prisma Schema","timestamp":"2022-04-01T20:50:12.766Z"}
{"level":"info","message":"Listening PORT: 3000","timestamp":"2022-04-01T20:50:12.799Z"}
{"level":"error","message":"Model: ticket not found on Prisma Schema","timestamp":"2022-04-01T20:51:46.892Z"}
{"level":"info","message":"Listening PORT: 3000","timestamp":"2022-04-01T20:51:46.914Z"}
{"level":"error","message":"Model: ticket not found on Prisma Schema","timestamp":"2022-04-01T20:52:04.455Z"}
{"level":"info","message":"Listening PORT: 3000","timestamp":"2022-04-01T20:52:04.511Z"}
{"level":"error","message":"Model: ticket not found on Prisma Schema","timestamp":"2022-04-01T20:52:22.849Z"}
{"level":"info","message":"Listening PORT: 3000","timestamp":"2022-04-01T20:52:22.961Z"}
{"level":"error","message":"Model: ticket not found on Prisma Schema","timestamp":"2022-04-01T20:52:25.863Z"}
{"level":"info","message":"Listening PORT: 3000","timestamp":"2022-04-01T20:52:25.894Z"}
{"level":"error","message":"Model: ticket not found on Prisma Schema","timestamp":"2022-04-01T20:52:29.030Z"}
{"level":"info","message":"Listening PORT: 3000","timestamp":"2022-04-01T20:52:29.060Z"}
{"level":"error","message":"Model: ticket not found on Prisma Schema","timestamp":"2022-04-01T20:53:36.452Z"}
{"level":"info","message":"Listening PORT: 3000","timestamp":"2022-04-01T20:53:36.547Z"}
{"level":"error","message":"Model: ticket not found on Prisma Schema","timestamp":"2022-04-01T20:53:39.919Z"}
{"level":"info","message":"Listening PORT: 3000","timestamp":"2022-04-01T20:53:39.942Z"}
{"level":"error","message":"Model: ticket not found on Prisma Schema","timestamp":"2022-04-01T20:53:45.440Z"}
{"level":"info","message":"Listening PORT: 3000","timestamp":"2022-04-01T20:53:45.484Z"}
{"level":"error","message":"Model: ticket not found on Prisma Schema","timestamp":"2022-04-01T20:53:52.134Z"}
{"level":"info","message":"Listening PORT: 3000","timestamp":"2022-04-01T20:53:52.169Z"}
{"level":"error","message":"Model: ticket not found on Prisma Schema","timestamp":"2022-04-01T20:54:01.174Z"}
{"level":"info","message":"Listening PORT: 3000","timestamp":"2022-04-01T20:54:01.212Z"}
{"level":"error","message":"Model: ticket not found on Prisma Schema","timestamp":"2022-04-01T20:54:11.925Z"}
{"level":"info","message":"Listening PORT: 3000","timestamp":"2022-04-01T20:54:11.963Z"}
{"level":"error","message":"Model: ticket not found on Prisma Schema","timestamp":"2022-04-01T20:54:14.318Z"}
{"level":"info","message":"Listening PORT: 3000","timestamp":"2022-04-01T20:54:14.356Z"}
{"level":"error","message":"Model: ticket not found on Prisma Schema","timestamp":"2022-04-01T20:54:21.661Z"}
{"level":"info","message":"Listening PORT: 3000","timestamp":"2022-04-01T20:54:21.697Z"}
{"level":"error","message":"Model: ticket not found on Prisma Schema","timestamp":"2022-04-01T20:55:16.081Z"}
{"level":"info","message":"Listening PORT: 3000","timestamp":"2022-04-01T20:55:16.147Z"}
{"level":"error","message":"Model: ticket not found on Prisma Schema","timestamp":"2022-04-01T20:55:34.206Z"}
{"level":"info","message":"Listening PORT: 3000","timestamp":"2022-04-01T20:55:34.247Z"}
{"level":"error","message":"Model: ticket not found on Prisma Schema","timestamp":"2022-04-01T20:58:32.000Z"}
{"level":"info","message":"Listening PORT: 3000","timestamp":"2022-04-01T20:58:32.052Z"}
{"level":"error","message":"Model: ticket not found on Prisma Schema","timestamp":"2022-04-01T20:58:39.570Z"}
{"level":"info","message":"Listening PORT: 3000","timestamp":"2022-04-01T20:58:39.636Z"}
{"level":"error","message":"Model: ticket not found on Prisma Schema","timestamp":"2022-04-01T20:58:42.348Z"}
{"level":"info","message":"Listening PORT: 3000","timestamp":"2022-04-01T20:58:42.380Z"}
{"level":"error","message":"Model: ticket not found on Prisma Schema","timestamp":"2022-04-01T20:58:53.790Z"}
{"level":"info","message":"Listening PORT: 3000","timestamp":"2022-04-01T20:58:53.833Z"}
{"level":"error","message":"Model: ticket not found on Prisma Schema","timestamp":"2022-04-01T20:58:57.504Z"}
{"level":"info","message":"Listening PORT: 3000","timestamp":"2022-04-01T20:58:57.529Z"}
{"level":"error","message":"Model: ticket not found on Prisma Schema","timestamp":"2022-04-01T20:59:02.799Z"}
{"level":"info","message":"Listening PORT: 3000","timestamp":"2022-04-01T20:59:02.825Z"}
{"level":"error","message":"Model: ticket not found on Prisma Schema","timestamp":"2022-04-01T20:59:57.497Z"}
{"level":"info","message":"Listening PORT: 3000","timestamp":"2022-04-01T20:59:57.543Z"}
{"level":"error","message":"Model: ticket not found on Prisma Schema","timestamp":"2022-04-01T21:00:09.015Z"}
{"level":"info","message":"Listening PORT: 3000","timestamp":"2022-04-01T21:00:09.051Z"}
{"level":"error","message":"Model: ticket not found on Prisma Schema","timestamp":"2022-04-01T21:00:11.774Z"}
{"level":"info","message":"Listening PORT: 3000","timestamp":"2022-04-01T21:00:11.845Z"}
{"level":"error","message":"Model: ticket not found on Prisma Schema","timestamp":"2022-04-01T21:00:16.629Z"}
{"level":"info","message":"Listening PORT: 3000","timestamp":"2022-04-01T21:00:16.688Z"}
{"level":"error","message":"Model: ticket not found on Prisma Schema","timestamp":"2022-04-01T21:00:24.096Z"}
{"level":"info","message":"Listening PORT: 3000","timestamp":"2022-04-01T21:00:24.127Z"}
{"level":"error","message":"Model: ticket not found on Prisma Schema","timestamp":"2022-04-01T21:00:28.383Z"}
{"level":"info","message":"Listening PORT: 3000","timestamp":"2022-04-01T21:00:28.419Z"}
{"level":"error","message":"Model: ticket not found on Prisma Schema","timestamp":"2022-04-01T21:00:32.750Z"}
{"level":"info","message":"Listening PORT: 3000","timestamp":"2022-04-01T21:00:32.779Z"}
{"level":"error","message":"Model: ticket not found on Prisma Schema","timestamp":"2022-04-01T21:00:34.378Z"}
{"level":"info","message":"Listening PORT: 3000","timestamp":"2022-04-01T21:00:34.416Z"}
{"level":"error","message":"Model: ticket not found on Prisma Schema","timestamp":"2022-04-01T21:00:44.581Z"}
{"level":"info","message":"Listening PORT: 3000","timestamp":"2022-04-01T21:00:44.652Z"}
{"level":"error","message":"Model: ticket not found on Prisma Schema","timestamp":"2022-04-01T21:00:48.968Z"}
{"level":"info","message":"Listening PORT: 3000","timestamp":"2022-04-01T21:00:49.001Z"}
{"level":"error","message":"Model: ticket not found on Prisma Schema","timestamp":"2022-04-01T21:05:55.371Z"}
{"level":"info","message":"Listening PORT: 3000","timestamp":"2022-04-01T21:05:55.396Z"}
{"level":"error","message":"Model: ticket not found on Prisma Schema","timestamp":"2022-04-01T21:06:01.910Z"}
{"level":"info","message":"Listening PORT: 3000","timestamp":"2022-04-01T21:06:01.961Z"}
{"level":"error","message":"Model: ticket not found on Prisma Schema","timestamp":"2022-04-01T21:06:03.433Z"}
{"level":"info","message":"Listening PORT: 3000","timestamp":"2022-04-01T21:06:03.461Z"}
{"level":"error","message":"Model: ticket not found on Prisma Schema","timestamp":"2022-04-01T21:06:05.916Z"}
{"level":"info","message":"Listening PORT: 3000","timestamp":"2022-04-01T21:06:05.943Z"}
{"level":"error","message":"Model: ticket not found on Prisma Schema","timestamp":"2022-04-01T21:06:08.370Z"}
{"level":"info","message":"Listening PORT: 3000","timestamp":"2022-04-01T21:06:08.401Z"}
{"level":"error","message":"Model: ticket not found on Prisma Schema","timestamp":"2022-04-01T21:06:12.918Z"}
{"level":"info","message":"Listening PORT: 3000","timestamp":"2022-04-01T21:06:12.955Z"}
{"level":"error","message":"Model: ticket not found on Prisma Schema","timestamp":"2022-04-01T21:06:18.023Z"}
{"level":"info","message":"Listening PORT: 3000","timestamp":"2022-04-01T21:06:18.049Z"}
{"level":"error","message":"Model: ticket not found on Prisma Schema","timestamp":"2022-04-01T21:06:19.819Z"}
{"level":"info","message":"Listening PORT: 3000","timestamp":"2022-04-01T21:06:19.863Z"}
{"level":"error","message":"Model: ticket not found on Prisma Schema","timestamp":"2022-04-01T21:06:48.837Z"}
{"level":"info","message":"Listening PORT: 3000","timestamp":"2022-04-01T21:06:48.868Z"}
{"level":"error","message":"Model: ticket not found on Prisma Schema","timestamp":"2022-04-01T21:06:58.783Z"}
{"level":"info","message":"Listening PORT: 3000","timestamp":"2022-04-01T21:06:58.815Z"}
{"level":"error","message":"Model: ticket not found on Prisma Schema","timestamp":"2022-04-01T21:07:00.881Z"}
{"level":"info","message":"Listening PORT: 3000","timestamp":"2022-04-01T21:07:00.906Z"}
{"level":"error","message":"Model: ticket not found on Prisma Schema","timestamp":"2022-04-01T21:07:34.862Z"}
{"level":"info","message":"Listening PORT: 3000","timestamp":"2022-04-01T21:07:34.945Z"}
{"level":"error","message":"Model: ticket not found on Prisma Schema","timestamp":"2022-04-01T21:07:38.035Z"}
{"level":"info","message":"Listening PORT: 3000","timestamp":"2022-04-01T21:07:38.063Z"}
{"level":"error","message":"Model: ticket not found on Prisma Schema","timestamp":"2022-04-01T21:07:42.109Z"}
{"level":"info","message":"Listening PORT: 3000","timestamp":"2022-04-01T21:07:42.142Z"}
{"level":"error","message":"Model: ticket not found on Prisma Schema","timestamp":"2022-04-01T21:17:00.985Z"}
{"level":"info","message":"Listening PORT: 3000","timestamp":"2022-04-01T21:17:01.034Z"}
{"level":"error","message":"Model: ticket not found on Prisma Schema","timestamp":"2022-04-01T21:17:02.458Z"}
{"level":"info","message":"Listening PORT: 3000","timestamp":"2022-04-01T21:17:02.501Z"}
{"level":"error","message":"Model: ticket not found on Prisma Schema","timestamp":"2022-04-01T21:17:07.029Z"}
{"level":"info","message":"Listening PORT: 3000","timestamp":"2022-04-01T21:17:07.055Z"}
{"level":"error","message":"Model: ticket not found on Prisma Schema","timestamp":"2022-04-01T21:17:08.568Z"}
{"level":"info","message":"Listening PORT: 3000","timestamp":"2022-04-01T21:17:08.594Z"}
{"level":"error","message":"Model: ticket not found on Prisma Schema","timestamp":"2022-04-01T21:17:09.665Z"}
{"level":"info","message":"Listening PORT: 3000","timestamp":"2022-04-01T21:17:09.690Z"}
{"level":"error","message":"Model: ticket not found on Prisma Schema","timestamp":"2022-04-01T21:17:14.199Z"}
{"level":"info","message":"Listening PORT: 3000","timestamp":"2022-04-01T21:17:14.231Z"}
{"level":"error","message":"Model: ticket not found on Prisma Schema","timestamp":"2022-04-01T21:17:23.391Z"}
{"level":"info","message":"Listening PORT: 3000","timestamp":"2022-04-01T21:17:23.445Z"}
{"level":"error","message":"Model: ticket not found on Prisma Schema","timestamp":"2022-04-01T21:17:25.999Z"}
{"level":"info","message":"Listening PORT: 3000","timestamp":"2022-04-01T21:17:26.083Z"}
{"level":"error","message":"Model: ticket not found on Prisma Schema","timestamp":"2022-04-01T21:17:28.131Z"}
{"level":"info","message":"Listening PORT: 3000","timestamp":"2022-04-01T21:17:28.172Z"}
{"level":"error","message":"Model: ticket not found on Prisma Schema","timestamp":"2022-04-01T21:17:36.295Z"}
{"level":"info","message":"Listening PORT: 3000","timestamp":"2022-04-01T21:17:36.373Z"}
{"level":"error","message":"Model: ticket not found on Prisma Schema","timestamp":"2022-04-01T21:17:45.264Z"}
{"level":"info","message":"Listening PORT: 3000","timestamp":"2022-04-01T21:17:45.307Z"}
{"level":"error","message":"Model: ticket not found on Prisma Schema","timestamp":"2022-04-01T21:17:47.158Z"}
{"level":"info","message":"Listening PORT: 3000","timestamp":"2022-04-01T21:17:47.183Z"}
{"level":"error","message":"Model: ticket not found on Prisma Schema","timestamp":"2022-04-01T21:17:48.570Z"}
{"level":"info","message":"Listening PORT: 3000","timestamp":"2022-04-01T21:17:48.603Z"}
{"level":"error","message":"Model: ticket not found on Prisma Schema","timestamp":"2022-04-01T21:17:51.877Z"}
{"level":"info","message":"Listening PORT: 3000","timestamp":"2022-04-01T21:17:51.909Z"}
{"level":"error","message":"Model: ticket not found on Prisma Schema","timestamp":"2022-04-01T21:17:53.737Z"}
{"level":"info","message":"Listening PORT: 3000","timestamp":"2022-04-01T21:17:53.764Z"}
{"level":"error","message":"Model: ticket not found on Prisma Schema","timestamp":"2022-04-01T21:18:10.964Z"}
{"level":"info","message":"Listening PORT: 3000","timestamp":"2022-04-01T21:18:10.996Z"}
{"level":"error","message":"Model: ticket not found on Prisma Schema","timestamp":"2022-04-01T21:18:14.803Z"}
{"level":"info","message":"Listening PORT: 3000","timestamp":"2022-04-01T21:18:14.825Z"}
{"level":"error","message":"Model: ticket not found on Prisma Schema","timestamp":"2022-04-01T21:20:12.419Z"}
{"level":"info","message":"Listening PORT: 3000","timestamp":"2022-04-01T21:20:12.455Z"}
{"level":"error","message":"Model: ticket not found on Prisma Schema","timestamp":"2022-04-01T23:39:32.520Z"}
{"level":"info","message":"Listening PORT: 3000","timestamp":"2022-04-01T23:39:35.184Z"}
{"level":"error","message":"Model: ticket not found on Prisma Schema","timestamp":"2022-04-01T23:42:40.315Z"}
{"level":"info","message":"Listening PORT: 3000","timestamp":"2022-04-01T23:42:40.347Z"}
{"level":"http","message":"PUT /api/movie 404 4.264 ms - 148","timestamp":"2022-04-01T23:45:27.090Z"}
{"level":"error","message":"Model: ticket not found on Prisma Schema","timestamp":"2022-04-01T23:47:30.294Z"}
{"level":"info","message":"Listening PORT: 3000","timestamp":"2022-04-01T23:47:30.319Z"}
{"level":"http","message":"GET /api/movie 200 3637.768 ms - 1402","timestamp":"2022-04-01T23:47:35.779Z"}
{"level":"error","message":"Model: ticket not found on Prisma Schema","timestamp":"2022-04-01T23:48:44.136Z"}
{"level":"info","message":"Listening PORT: 3000","timestamp":"2022-04-01T23:48:44.156Z"}
{"level":"http","message":"PUT /api/session/cd2b5817-4876-4240-88a2-64638832f39a 400 8.790 ms - 182","timestamp":"2022-04-01T23:49:26.584Z"}
{"level":"http","message":"PUT /api/session/cd2b5817-4876-4240-88a2-64638832f39a 400 2.201 ms - 238","timestamp":"2022-04-01T23:51:19.101Z"}
{"level":"http","message":"PUT /api/session/cd2b5817-4876-4240-88a2-64638832f39a 400 2.853 ms - 304","timestamp":"2022-04-01T23:52:09.392Z"}
{"level":"error","message":"Registry with id: cd2b5817-4876-4240-88a2-64638832f39a not found","timestamp":"2022-04-01T23:52:34.713Z"}
{"level":"http","message":"PUT /api/session/cd2b5817-4876-4240-88a2-64638832f39a 404 96.024 ms - 32","timestamp":"2022-04-01T23:52:34.715Z"}
{"level":"error","message":"Registry with id: cd2b5817-4876-4240-88a2-64638832f39a not found","timestamp":"2022-04-01T23:52:57.965Z"}
{"level":"http","message":"PUT /api/session/cd2b5817-4876-4240-88a2-64638832f39a 404 7.680 ms - 32","timestamp":"2022-04-01T23:52:57.967Z"}
{"level":"http","message":"PUT /api/session/cd2b5817-4876-4240-88a2-64638832f39a 400 1.060 ms - 304","timestamp":"2022-04-01T23:53:19.610Z"}
{"level":"error","message":"Registry with id: cd2b5817-4876-4240-88a2-64638832f39a not found","timestamp":"2022-04-01T23:54:19.438Z"}
{"level":"http","message":"PUT /api/session/cd2b5817-4876-4240-88a2-64638832f39a 404 27.161 ms - 32","timestamp":"2022-04-01T23:54:19.440Z"}
{"level":"error","message":"Model: ticket not found on Prisma Schema","timestamp":"2022-04-01T23:55:51.328Z"}
{"level":"info","message":"Listening PORT: 3000","timestamp":"2022-04-01T23:55:51.353Z"}
{"level":"error","message":"Registry with id: cd2b5817-4876-4240-88a2-64638832f39a not found","timestamp":"2022-04-01T23:56:01.857Z"}
{"level":"http","message":"PUT /api/session/cd2b5817-4876-4240-88a2-64638832f39a 404 34.267 ms - 32","timestamp":"2022-04-01T23:56:01.869Z"}
{"level":"error","message":"Model: ticket not found on Prisma Schema","timestamp":"2022-04-01T23:56:20.587Z"}
{"level":"info","message":"Listening PORT: 3000","timestamp":"2022-04-01T23:56:20.609Z"}
{"level":"error","message":"Model: ticket not found on Prisma Schema","timestamp":"2022-04-01T23:56:23.439Z"}
{"level":"info","message":"Listening PORT: 3000","timestamp":"2022-04-01T23:56:23.467Z"}
{"level":"error","message":"Registry with id: cd2b5817-4876-4240-88a2-64638832f39a not found","timestamp":"2022-04-01T23:56:24.916Z"}
{"level":"error","message":"Model: ticket not found on Prisma Schema","timestamp":"2022-04-01T23:56:36.566Z"}
{"level":"info","message":"Listening PORT: 3000","timestamp":"2022-04-01T23:56:36.592Z"}
{"level":"http","message":"GET /api/session/cd2b5817-4876-4240-88a2-64638832f39a 200 89.110 ms - 149","timestamp":"2022-04-01T23:57:45.171Z"}
{"level":"error","message":"Model: ticket not found on Prisma Schema","timestamp":"2022-04-01T23:58:01.556Z"}
{"level":"info","message":"Listening PORT: 3000","timestamp":"2022-04-01T23:58:01.588Z"}
{"level":"error","message":"Model: ticket not found on Prisma Schema","timestamp":"2022-04-01T23:58:07.531Z"}
{"level":"info","message":"Listening PORT: 3000","timestamp":"2022-04-01T23:58:07.559Z"}
{"level":"error","message":"Model: ticket not found on Prisma Schema","timestamp":"2022-04-01T23:58:37.543Z"}
{"level":"info","message":"Listening PORT: 3000","timestamp":"2022-04-01T23:58:37.571Z"}
{"level":"error","message":"Model: ticket not found on Prisma Schema","timestamp":"2022-04-01T23:58:40.995Z"}
{"level":"info","message":"Listening PORT: 3000","timestamp":"2022-04-01T23:58:41.042Z"}
{"level":"error","message":"Model: ticket not found on Prisma Schema","timestamp":"2022-04-01T23:59:14.020Z"}
{"level":"info","message":"Listening PORT: 3000","timestamp":"2022-04-01T23:59:14.051Z"}
{"level":"http","message":"GET /api/sessionSeats/25fd61f8-1206-4dc7-99d4-d1f3a9fbc23d 404 11.320 ms - 192","timestamp":"2022-04-01T23:59:16.185Z"}
{"level":"http","message":"GET /api/sessionSeats 404 1.475 ms - 155","timestamp":"2022-04-01T23:59:24.479Z"}
{"level":"http","message":"GET /api/session/cd2b5817-4876-4240-88a2-64638832f39a/seat/25fd61f8-1206-4dc7-99d4-d1f3a9fbc23d 404 1.221 ms - 229","timestamp":"2022-04-02T00:00:01.086Z"}
{"level":"http","message":"GET /api/movie 200 110.750 ms - 1402","timestamp":"2022-04-02T00:00:13.326Z"}
{"level":"http","message":"GET /api/user 200 7.238 ms - 489","timestamp":"2022-04-02T00:00:16.201Z"}
{"level":"error","message":"Registry with id: 25fd61f8-1206-4dc7-99d4-d1f3a9fbc23d not found","timestamp":"2022-04-02T00:00:25.179Z"}
{"level":"http","message":"GET /api/user/25fd61f8-1206-4dc7-99d4-d1f3a9fbc23d 404 10.057 ms - 32","timestamp":"2022-04-02T00:00:25.181Z"}
{"level":"http","message":"GET /api/movie/ 200 33.121 ms - 1402","timestamp":"2022-04-02T00:00:35.212Z"}
{"level":"http","message":"GET /api/movie/2b228d7c-6542-416a-a36e-ee8385403e1e 200 8.301 ms - 144","timestamp":"2022-04-02T00:00:40.697Z"}
{"level":"http","message":"GET /api/user 200 5.430 ms - 489","timestamp":"2022-04-02T00:00:47.232Z"}
{"level":"http","message":"GET /api/user/fa3ca6f7-e159-4aae-8822-0aa4ff76b567 200 6.967 ms - 161","timestamp":"2022-04-02T00:00:53.828Z"}
{"level":"http","message":"PUT /api/user/fa3ca6f7-e159-4aae-8822-0aa4ff76b567 200 279.501 ms - 163","timestamp":"2022-04-02T00:01:22.189Z"}
{"level":"http","message":"GET /api/user/fa3ca6f7-e159-4aae-8822-0aa4ff76b567 200 5.726 ms - 163","timestamp":"2022-04-02T00:01:25.857Z"}
{"level":"http","message":"GET /api/user 200 5.784 ms - 491","timestamp":"2022-04-02T00:01:29.081Z"}
{"level":"error","message":"\nInvalid `prisma.user.create()` invocation:\n\n{\n  data: {\n    name: 'loys',\n    email: 'loys@hotmail.com',\n    birthDate: '1996-04-07T00:00:00.000Z',\n    reviewer: 'false',\n              ~~~~~~~\n    password: '12345'\n  }\n}\n\nArgument reviewer: Got invalid value 'false' on prisma.createOneUser. Provided String, expected Boolean or Null.\n\n","timestamp":"2022-04-02T00:02:47.064Z"}
{"level":"http","message":"POST /api/user 400 64.291 ms - 40","timestamp":"2022-04-02T00:02:47.069Z"}
{"level":"http","message":"POST /api/user 200 67.306 ms - 161","timestamp":"2022-04-02T00:03:02.553Z"}
{"level":"http","message":"GET /api/user 200 5.258 ms - 653","timestamp":"2022-04-02T00:03:05.718Z"}
{"level":"http","message":"GET /api/user/08876fe6-e9aa-413b-99cb-793ecefe41bd 200 6.420 ms - 161","timestamp":"2022-04-02T00:03:31.903Z"}
{"level":"http","message":"DELETE /api/user/08876fe6-e9aa-413b-99cb-793ecefe41bd 200 44.955 ms - 30","timestamp":"2022-04-02T00:03:34.528Z"}
{"level":"error","message":"Registry with id: 08876fe6-e9aa-413b-99cb-793ecefe41bd not found","timestamp":"2022-04-02T00:03:37.676Z"}
{"level":"http","message":"GET /api/user/08876fe6-e9aa-413b-99cb-793ecefe41bd 404 18.254 ms - 32","timestamp":"2022-04-02T00:03:37.678Z"}
{"level":"http","message":"GET /api/user/ 200 4.747 ms - 491","timestamp":"2022-04-02T00:03:41.409Z"}
{"level":"error","message":"Model: ticket not found on Prisma Schema","timestamp":"2022-04-02T00:04:19.249Z"}
{"level":"info","message":"Listening PORT: 3000","timestamp":"2022-04-02T00:04:19.272Z"}
{"level":"error","message":"Model: ticket not found on Prisma Schema","timestamp":"2022-04-02T00:18:40.238Z"}
{"level":"info","message":"Listening PORT: 3000","timestamp":"2022-04-02T00:18:40.285Z"}
