{"level":"error","message":"Model: ticket not found on Prisma Schema","timestamp":"2022-04-10T18:23:43.348Z"}
{"level":"info","message":"Listening PORT: 3000","timestamp":"2022-04-10T18:23:43.401Z"}
{"level":"http","message":"GET /api/user 200 2540.009 ms - 653","timestamp":"2022-04-10T18:28:59.624Z"}
{"level":"error","message":"\nInvalid `prisma.user.create()` invocation:\n\n{\n  data: {\n    name: 'Loys',\n    email: 'loysleine@gmail.com',\n    password: '12345',\n    role: 'USER',\n    ~~~~\n    birthDate: '1996-04-10T03:00:00.000Z',\n    reviewer: false\n  }\n}\n\nUnknown arg `role` in data.role for type UserCreateInput. Did you mean `name`? Available args:\ntype UserCreateInput {\n  id?: String\n  email: String\n  name: String\n  birthDate: DateTime\n  reviewer?: Boolean | Null\n  password: String\n}\n\n","timestamp":"2022-04-10T18:35:14.921Z"}
{"level":"http","message":"POST /api/user 400 116.075 ms - 40","timestamp":"2022-04-10T18:35:14.924Z"}
{"level":"http","message":"GET /api/user 304 286.872 ms - -","timestamp":"2022-04-10T18:36:11.758Z"}
{"level":"http","message":"GET /api/user/976fb39d-fbf2-4cd5-87a3-e1f99f956b8b 200 841.486 ms - 164","timestamp":"2022-04-10T18:47:30.828Z"}
{"level":"http","message":"GET /api/user/976fb39d-fbf2-4cd5-87a3-e1f99f956b8b 304 151.015 ms - -","timestamp":"2022-04-10T18:48:23.249Z"}
{"level":"http","message":"GET /api/user/976fb39d-fbf2-4cd5-87a3-e1f99f956b8b 304 52.119 ms - -","timestamp":"2022-04-10T18:48:27.040Z"}
{"level":"http","message":"GET /api/user 304 10.588 ms - -","timestamp":"2022-04-10T18:48:39.272Z"}
{"level":"http","message":"GET /api/user/976fb39d-fbf2-4cd5-87a3-e1f99f956b8b 304 34.733 ms - -","timestamp":"2022-04-10T18:48:41.282Z"}
{"level":"http","message":"GET /api/user 304 4.565 ms - -","timestamp":"2022-04-10T18:48:49.608Z"}
{"level":"http","message":"GET /api/user/976fb39d-fbf2-4cd5-87a3-e1f99f956b8b 304 54.939 ms - -","timestamp":"2022-04-10T18:48:54.125Z"}
{"level":"http","message":"GET /api/user 304 51.255 ms - -","timestamp":"2022-04-10T18:49:08.952Z"}
{"level":"http","message":"GET /api/user/fa3ca6f7-e159-4aae-8822-0aa4ff76b567 200 7.740 ms - 162","timestamp":"2022-04-10T18:49:10.423Z"}
{"level":"http","message":"GET /api/user 304 8.495 ms - -","timestamp":"2022-04-10T18:49:13.741Z"}
{"level":"http","message":"GET /api/user/e4383d95-f802-48fa-8190-08073a5d12fc 200 66.041 ms - 162","timestamp":"2022-04-10T18:52:20.905Z"}
{"level":"http","message":"GET /api/user 304 30.855 ms - -","timestamp":"2022-04-10T18:52:23.692Z"}
{"level":"http","message":"GET /api/user/e4383d95-f802-48fa-8190-08073a5d12fc 304 10.129 ms - -","timestamp":"2022-04-10T18:54:12.546Z"}
{"level":"http","message":"GET /api/user 304 13.374 ms - -","timestamp":"2022-04-10T18:54:22.453Z"}
{"level":"http","message":"GET /api/user/e4383d95-f802-48fa-8190-08073a5d12fc 304 12.895 ms - -","timestamp":"2022-04-10T18:54:24.186Z"}
{"level":"http","message":"GET /api/user 304 5.854 ms - -","timestamp":"2022-04-10T18:54:26.645Z"}
{"level":"http","message":"GET /api/user/f77a3325-4817-42fe-aa52-884d44c44df2 200 50.300 ms - 160","timestamp":"2022-04-10T18:54:37.412Z"}
{"level":"http","message":"GET /api/user 304 137.453 ms - -","timestamp":"2022-04-10T18:54:39.420Z"}
{"level":"http","message":"GET /api/user/976fb39d-fbf2-4cd5-87a3-e1f99f956b8b 304 5.307 ms - -","timestamp":"2022-04-10T18:54:40.346Z"}
{"level":"http","message":"GET /api/user 304 4.146 ms - -","timestamp":"2022-04-10T18:54:42.111Z"}
{"level":"http","message":"GET /api/user/fa3ca6f7-e159-4aae-8822-0aa4ff76b567 304 5.736 ms - -","timestamp":"2022-04-10T18:54:42.930Z"}
{"level":"http","message":"GET /api/user/fa3ca6f7-e159-4aae-8822-0aa4ff76b567 304 7.935 ms - -","timestamp":"2022-04-10T18:55:09.802Z"}
{"level":"http","message":"GET /api/user/fa3ca6f7-e159-4aae-8822-0aa4ff76b567 304 5.456 ms - -","timestamp":"2022-04-10T18:55:09.842Z"}
{"level":"http","message":"GET /api/user 304 4.310 ms - -","timestamp":"2022-04-10T18:55:09.901Z"}
{"level":"http","message":"GET /api/user/e4383d95-f802-48fa-8190-08073a5d12fc 304 65.025 ms - -","timestamp":"2022-04-10T18:55:12.145Z"}
{"level":"http","message":"GET /api/user 304 6.167 ms - -","timestamp":"2022-04-10T18:55:14.332Z"}
{"level":"http","message":"GET /api/user/f77a3325-4817-42fe-aa52-884d44c44df2 304 32.859 ms - -","timestamp":"2022-04-10T18:55:19.231Z"}
{"level":"http","message":"GET /api/user 304 3.882 ms - -","timestamp":"2022-04-10T18:55:21.133Z"}
{"level":"http","message":"GET /api/user/976fb39d-fbf2-4cd5-87a3-e1f99f956b8b 304 7.406 ms - -","timestamp":"2022-04-10T18:55:22.218Z"}
{"level":"http","message":"GET /api/user 304 7.278 ms - -","timestamp":"2022-04-10T18:55:25.627Z"}
{"level":"http","message":"GET /api/user/fa3ca6f7-e159-4aae-8822-0aa4ff76b567 304 76.135 ms - -","timestamp":"2022-04-10T18:55:27.498Z"}
{"level":"http","message":"GET /api/user 304 42.603 ms - -","timestamp":"2022-04-10T18:55:28.814Z"}
{"level":"http","message":"GET /api/user 304 9.556 ms - -","timestamp":"2022-04-10T18:58:01.987Z"}
{"level":"http","message":"GET /api/user/e4383d95-f802-48fa-8190-08073a5d12fc 304 7.795 ms - -","timestamp":"2022-04-10T18:58:03.377Z"}
{"level":"http","message":"GET /api/user 304 9.478 ms - -","timestamp":"2022-04-10T18:58:07.053Z"}
{"level":"http","message":"GET /api/user 304 7.799 ms - -","timestamp":"2022-04-10T18:58:09.798Z"}
{"level":"http","message":"GET /api/user/e4383d95-f802-48fa-8190-08073a5d12fc 304 4.884 ms - -","timestamp":"2022-04-10T18:58:10.622Z"}
{"level":"http","message":"GET /api/user 304 43.971 ms - -","timestamp":"2022-04-10T18:58:11.476Z"}
{"level":"http","message":"GET /api/user 304 48.520 ms - -","timestamp":"2022-04-10T18:59:52.574Z"}
{"level":"http","message":"GET /api/user 304 4.160 ms - -","timestamp":"2022-04-10T18:59:55.037Z"}
{"level":"http","message":"GET /api/user/e4383d95-f802-48fa-8190-08073a5d12fc 304 31.796 ms - -","timestamp":"2022-04-10T18:59:55.913Z"}
{"level":"http","message":"GET /api/user 304 4.191 ms - -","timestamp":"2022-04-10T18:59:57.883Z"}
{"level":"http","message":"GET /api/user/e4383d95-f802-48fa-8190-08073a5d12fc 304 6.976 ms - -","timestamp":"2022-04-10T18:59:58.893Z"}
{"level":"http","message":"GET /api/user 304 3.634 ms - -","timestamp":"2022-04-10T19:00:02.008Z"}
{"level":"http","message":"GET /api/user 304 9.044 ms - -","timestamp":"2022-04-10T19:00:04.963Z"}
{"level":"http","message":"GET /api/user/e4383d95-f802-48fa-8190-08073a5d12fc 304 358.807 ms - -","timestamp":"2022-04-10T19:04:37.586Z"}
{"level":"error","message":"Registry with id: e4383d95-f802-48fa-8190-08073a5d12fc not found","timestamp":"2022-04-10T19:05:14.223Z"}
{"level":"http","message":"PUT /api/user/e4383d95-f802-48fa-8190-08073a5d12fc 404 58.177 ms - 32","timestamp":"2022-04-10T19:05:14.225Z"}
{"level":"http","message":"GET /api/user/e4383d95-f802-48fa-8190-08073a5d12fc 304 7.638 ms - -","timestamp":"2022-04-10T19:06:31.506Z"}
{"level":"http","message":"GET /api/user 304 100.060 ms - -","timestamp":"2022-04-10T19:08:12.928Z"}
{"level":"http","message":"GET /api/user/fa3ca6f7-e159-4aae-8822-0aa4ff76b567 304 35.965 ms - -","timestamp":"2022-04-10T19:08:15.284Z"}
{"level":"http","message":"GET /api/user 304 51.310 ms - -","timestamp":"2022-04-10T19:08:18.248Z"}
{"level":"http","message":"GET /api/user 304 177.431 ms - -","timestamp":"2022-04-10T19:21:53.921Z"}
{"level":"error","message":"\nInvalid `prisma.user.create()` invocation:\n\n{\n  data: {\n    name: 'Loys',\n    email: 'loysleine@gmail.com',\n    password: '12345',\n    birthDate: '2022-04-10T19:22:05.576Z',\n    reviewer: false,\n    role: 'USER'\n    ~~~~\n  }\n}\n\nUnknown arg `role` in data.role for type UserCreateInput. Did you mean `name`? Available args:\ntype UserCreateInput {\n  id?: String\n  email: String\n  name: String\n  birthDate: DateTime\n  reviewer?: Boolean | Null\n  password: String\n}\n\n","timestamp":"2022-04-10T19:23:05.776Z"}
{"level":"http","message":"POST /api/user 400 3.126 ms - 40","timestamp":"2022-04-10T19:23:05.778Z"}
{"level":"http","message":"POST /api/user 200 1373.857 ms - 161","timestamp":"2022-04-10T19:23:36.631Z"}
{"level":"http","message":"GET /api/user 200 217.819 ms - 815","timestamp":"2022-04-10T19:23:36.946Z"}
{"level":"http","message":"POST /api/user 200 228.775 ms - 172","timestamp":"2022-04-10T19:24:03.804Z"}
{"level":"http","message":"GET /api/user 200 5.569 ms - 988","timestamp":"2022-04-10T19:24:03.866Z"}
{"level":"http","message":"GET /api/user 304 116.758 ms - -","timestamp":"2022-04-10T19:25:40.942Z"}
{"level":"http","message":"GET /api/user/97033c96-223c-402a-a2a0-77da8714fc28 200 4.882 ms - 172","timestamp":"2022-04-10T19:25:42.621Z"}
{"level":"http","message":"PUT /api/user/97033c96-223c-402a-a2a0-77da8714fc28 200 302.856 ms - 169","timestamp":"2022-04-10T19:25:53.664Z"}
{"level":"http","message":"GET /api/user 200 9.370 ms - 985","timestamp":"2022-04-10T19:25:53.717Z"}
{"level":"http","message":"GET /api/user 304 81.424 ms - -","timestamp":"2022-04-10T19:28:01.047Z"}
{"level":"http","message":"DELETE /api/user/97033c96-223c-402a-a2a0-77da8714fc28 200 252.467 ms - 30","timestamp":"2022-04-10T19:28:04.154Z"}
{"level":"http","message":"GET /api/user 200 574.401 ms - 815","timestamp":"2022-04-10T19:38:32.916Z"}
{"level":"http","message":"GET /api/user 304 4.111 ms - -","timestamp":"2022-04-10T19:38:37.848Z"}
{"level":"http","message":"GET /api/user 304 28.674 ms - -","timestamp":"2022-04-10T19:38:40.366Z"}
{"level":"http","message":"GET /api/user 304 30.146 ms - -","timestamp":"2022-04-10T19:40:00.257Z"}
{"level":"http","message":"GET /api/movie 200 926.932 ms - 1402","timestamp":"2022-04-10T19:40:03.289Z"}
{"level":"http","message":"GET /api/movie 304 366.033 ms - -","timestamp":"2022-04-10T19:50:46.838Z"}
{"level":"http","message":"GET /api/movie 304 7.496 ms - -","timestamp":"2022-04-10T19:52:01.242Z"}
{"level":"http","message":"GET /api/movie 304 65.070 ms - -","timestamp":"2022-04-10T19:52:39.039Z"}
{"level":"http","message":"GET /api/movie 304 20.344 ms - -","timestamp":"2022-04-10T19:54:36.724Z"}
{"level":"http","message":"GET /api/movie 304 8.428 ms - -","timestamp":"2022-04-10T19:54:42.954Z"}
{"level":"http","message":"GET /api/movie 304 176.047 ms - -","timestamp":"2022-04-10T19:54:48.119Z"}
{"level":"http","message":"GET /api/movie 304 163.205 ms - -","timestamp":"2022-04-10T19:54:49.112Z"}
{"level":"http","message":"GET /api/movie 304 23.377 ms - -","timestamp":"2022-04-10T19:54:50.978Z"}
{"level":"http","message":"GET /api/movie 304 39.643 ms - -","timestamp":"2022-04-10T19:55:14.987Z"}
{"level":"http","message":"GET /api/movie 304 6.848 ms - -","timestamp":"2022-04-10T19:55:18.932Z"}
{"level":"http","message":"GET /api/movie 304 11.318 ms - -","timestamp":"2022-04-10T19:55:20.015Z"}
{"level":"http","message":"GET /api/movie 304 39.523 ms - -","timestamp":"2022-04-10T19:55:25.976Z"}
{"level":"http","message":"GET /api/movie 304 64.105 ms - -","timestamp":"2022-04-10T19:55:33.010Z"}
{"level":"http","message":"GET /api/movie 304 9.475 ms - -","timestamp":"2022-04-10T19:55:36.941Z"}
{"level":"http","message":"GET /api/movie 304 24.138 ms - -","timestamp":"2022-04-10T19:55:41.951Z"}
{"level":"http","message":"GET /api/movie 304 65.303 ms - -","timestamp":"2022-04-10T19:55:52.486Z"}
{"level":"http","message":"GET /api/movie 304 51.890 ms - -","timestamp":"2022-04-10T19:56:35.989Z"}
{"level":"http","message":"GET /api/movie 304 6.184 ms - -","timestamp":"2022-04-10T19:56:37.946Z"}
{"level":"http","message":"GET /api/movie 304 9.124 ms - -","timestamp":"2022-04-10T19:56:40.340Z"}
{"level":"http","message":"GET /api/movie 304 149.456 ms - -","timestamp":"2022-04-10T19:59:11.166Z"}
{"level":"http","message":"GET /api/movie 304 8.615 ms - -","timestamp":"2022-04-10T20:02:59.977Z"}
{"level":"http","message":"GET /api/movie 304 235.474 ms - -","timestamp":"2022-04-10T20:11:40.215Z"}
{"level":"http","message":"GET /api/movie 304 14.216 ms - -","timestamp":"2022-04-10T20:11:56.317Z"}
{"level":"http","message":"GET /api/movie 304 53.546 ms - -","timestamp":"2022-04-10T20:12:00.335Z"}
{"level":"http","message":"GET /api/movie 304 10.912 ms - -","timestamp":"2022-04-10T20:14:37.953Z"}
{"level":"http","message":"GET /api/movie 304 55.695 ms - -","timestamp":"2022-04-10T20:14:49.990Z"}
{"level":"http","message":"GET /api/movie 304 13.745 ms - -","timestamp":"2022-04-10T20:14:52.961Z"}
{"level":"http","message":"GET /api/movie 304 87.049 ms - -","timestamp":"2022-04-10T20:15:09.035Z"}
{"level":"http","message":"GET /api/movie 304 13.088 ms - -","timestamp":"2022-04-10T20:15:37.957Z"}
{"level":"http","message":"GET /api/movie 304 49.596 ms - -","timestamp":"2022-04-10T20:17:00.119Z"}
{"level":"http","message":"GET /api/movie 304 41.002 ms - -","timestamp":"2022-04-10T20:17:32.994Z"}
{"level":"http","message":"GET /api/movie 304 43.041 ms - -","timestamp":"2022-04-10T20:19:24.047Z"}
{"level":"http","message":"GET /api/movie 304 31.442 ms - -","timestamp":"2022-04-10T20:20:21.992Z"}
{"level":"http","message":"GET /api/movie 304 5.169 ms - -","timestamp":"2022-04-10T20:20:33.874Z"}
{"level":"http","message":"GET /api/movie 304 5.800 ms - -","timestamp":"2022-04-10T20:20:36.156Z"}
{"level":"http","message":"GET /api/movie 304 38.180 ms - -","timestamp":"2022-04-10T20:20:37.577Z"}
{"level":"http","message":"GET /api/movie 304 26.881 ms - -","timestamp":"2022-04-10T20:20:39.851Z"}
{"level":"http","message":"GET /api/movie 304 12.944 ms - -","timestamp":"2022-04-10T20:21:10.989Z"}
{"level":"http","message":"GET /api/movie 304 59.592 ms - -","timestamp":"2022-04-10T20:21:40.004Z"}
{"level":"http","message":"GET /api/movie 304 10.158 ms - -","timestamp":"2022-04-10T20:22:44.958Z"}
{"level":"http","message":"GET /api/movie 304 19.250 ms - -","timestamp":"2022-04-10T20:22:48.962Z"}
{"level":"http","message":"GET /api/movie 304 5.432 ms - -","timestamp":"2022-04-10T20:22:51.944Z"}
{"level":"http","message":"GET /api/movie 304 5.080 ms - -","timestamp":"2022-04-10T20:22:53.941Z"}
{"level":"http","message":"GET /api/movie 304 9.856 ms - -","timestamp":"2022-04-10T20:22:57.953Z"}
{"level":"http","message":"GET /api/movie 304 11.793 ms - -","timestamp":"2022-04-10T20:23:03.975Z"}
{"level":"http","message":"GET /api/movie 304 8.113 ms - -","timestamp":"2022-04-10T20:23:36.937Z"}
{"level":"http","message":"GET /api/movie 304 69.999 ms - -","timestamp":"2022-04-10T20:23:50.029Z"}
{"level":"http","message":"GET /api/movie 304 7.063 ms - -","timestamp":"2022-04-10T20:23:52.941Z"}
{"level":"http","message":"GET /api/movie 304 7.462 ms - -","timestamp":"2022-04-10T20:24:00.950Z"}
{"level":"http","message":"GET /api/movie 304 92.666 ms - -","timestamp":"2022-04-10T20:33:35.064Z"}
{"level":"http","message":"GET /api/movie 304 14.127 ms - -","timestamp":"2022-04-10T20:34:00.953Z"}
{"level":"http","message":"GET /api/movie 304 83.579 ms - -","timestamp":"2022-04-10T20:34:05.019Z"}
{"level":"http","message":"GET /api/movie 304 42.512 ms - -","timestamp":"2022-04-10T20:34:10.075Z"}
{"level":"http","message":"GET /api/movie 304 11.368 ms - -","timestamp":"2022-04-10T20:34:14.936Z"}
{"level":"http","message":"GET /api/movie 304 12.038 ms - -","timestamp":"2022-04-10T20:34:22.010Z"}
{"level":"http","message":"GET /api/movie 304 17.157 ms - -","timestamp":"2022-04-10T20:34:25.014Z"}
{"level":"http","message":"GET /api/movie 304 24.012 ms - -","timestamp":"2022-04-10T20:34:27.965Z"}
{"level":"http","message":"GET /api/movie 304 20.050 ms - -","timestamp":"2022-04-10T20:34:34.183Z"}
{"level":"http","message":"GET /api/movie 304 80.353 ms - -","timestamp":"2022-04-10T20:34:42.042Z"}
{"level":"http","message":"GET /api/movie 304 14.903 ms - -","timestamp":"2022-04-10T20:34:49.987Z"}
{"level":"http","message":"GET /api/movie 304 98.237 ms - -","timestamp":"2022-04-10T20:34:53.046Z"}
{"level":"http","message":"GET /api/movie 304 8.316 ms - -","timestamp":"2022-04-10T20:35:01.995Z"}
{"level":"http","message":"GET /api/movie 304 6.345 ms - -","timestamp":"2022-04-10T20:35:03.948Z"}
{"level":"http","message":"GET /api/movie 304 7.138 ms - -","timestamp":"2022-04-10T20:35:11.963Z"}
{"level":"http","message":"GET /api/movie 304 5.541 ms - -","timestamp":"2022-04-10T20:35:13.969Z"}
{"level":"http","message":"GET /api/movie 304 47.752 ms - -","timestamp":"2022-04-10T20:35:19.991Z"}
{"level":"http","message":"GET /api/movie 304 74.054 ms - -","timestamp":"2022-04-10T20:35:22.006Z"}
{"level":"http","message":"GET /api/movie 304 9.987 ms - -","timestamp":"2022-04-10T20:35:47.960Z"}
{"level":"http","message":"GET /api/movie 304 65.530 ms - -","timestamp":"2022-04-10T20:36:41.017Z"}
{"level":"http","message":"GET /api/movie 304 9.750 ms - -","timestamp":"2022-04-10T20:36:51.960Z"}
{"level":"http","message":"GET /api/movie 304 12.511 ms - -","timestamp":"2022-04-10T20:36:55.087Z"}
{"level":"http","message":"GET /api/movie 304 7.043 ms - -","timestamp":"2022-04-10T20:36:56.956Z"}
{"level":"http","message":"GET /api/movie 304 6.605 ms - -","timestamp":"2022-04-10T20:37:04.964Z"}
{"level":"http","message":"GET /api/movie 304 21.840 ms - -","timestamp":"2022-04-10T20:37:16.988Z"}
{"level":"http","message":"GET /api/movie 304 5.465 ms - -","timestamp":"2022-04-10T20:37:27.978Z"}
{"level":"http","message":"GET /api/movie 304 15.066 ms - -","timestamp":"2022-04-10T20:37:30.981Z"}
{"level":"http","message":"GET /api/movie 304 13.577 ms - -","timestamp":"2022-04-10T20:37:33.961Z"}
{"level":"http","message":"GET /api/movie 304 13.258 ms - -","timestamp":"2022-04-10T20:37:42.064Z"}
{"level":"http","message":"GET /api/movie 304 38.685 ms - -","timestamp":"2022-04-10T20:38:47.909Z"}
{"level":"http","message":"GET /api/movie 304 110.391 ms - -","timestamp":"2022-04-10T20:38:59.054Z"}
{"level":"http","message":"GET /api/movie 304 9.478 ms - -","timestamp":"2022-04-10T20:39:02.945Z"}
{"level":"http","message":"GET /api/movie 304 21.029 ms - -","timestamp":"2022-04-10T20:39:12.038Z"}
{"level":"http","message":"GET /api/movie 200 72.833 ms - 1550","timestamp":"2022-04-10T20:42:50.393Z"}
{"level":"http","message":"GET /api/movie 304 47.003 ms - -","timestamp":"2022-04-10T20:43:14.093Z"}
{"level":"http","message":"GET /api/session 200 87.045 ms - 601","timestamp":"2022-04-10T20:51:22.502Z"}
{"level":"http","message":"GET /api/session 304 78.666 ms - -","timestamp":"2022-04-10T21:08:24.911Z"}
{"level":"http","message":"GET /api/session 304 106.546 ms - -","timestamp":"2022-04-10T21:08:47.318Z"}
{"level":"http","message":"GET /api/session 304 6.443 ms - -","timestamp":"2022-04-10T21:12:29.050Z"}
{"level":"http","message":"GET /api/session 304 3.821 ms - -","timestamp":"2022-04-10T21:12:38.957Z"}
{"level":"http","message":"GET /api/session 304 39.431 ms - -","timestamp":"2022-04-10T21:12:43.091Z"}
{"level":"http","message":"GET /api/session 304 20.029 ms - -","timestamp":"2022-04-10T21:12:45.963Z"}
{"level":"http","message":"GET /api/session 304 3.953 ms - -","timestamp":"2022-04-10T21:12:46.955Z"}
{"level":"http","message":"GET /api/session 304 4.857 ms - -","timestamp":"2022-04-10T21:12:52.054Z"}
{"level":"http","message":"GET /api/session 304 5.351 ms - -","timestamp":"2022-04-10T21:13:05.021Z"}
{"level":"http","message":"GET /api/session 304 47.998 ms - -","timestamp":"2022-04-10T21:13:10.445Z"}
{"level":"http","message":"GET /api/session 304 21.738 ms - -","timestamp":"2022-04-10T21:13:15.977Z"}
{"level":"http","message":"GET /api/session 304 3.852 ms - -","timestamp":"2022-04-10T21:13:16.955Z"}
{"level":"http","message":"GET /api/session 304 8.490 ms - -","timestamp":"2022-04-10T21:13:20.026Z"}
{"level":"http","message":"GET /api/session 304 3.754 ms - -","timestamp":"2022-04-10T21:13:25.010Z"}
{"level":"http","message":"GET /api/session 304 4.217 ms - -","timestamp":"2022-04-10T21:13:30.119Z"}
{"level":"http","message":"GET /api/session 304 3.713 ms - -","timestamp":"2022-04-10T21:13:33.940Z"}
{"level":"http","message":"GET /api/session 304 27.200 ms - -","timestamp":"2022-04-10T21:13:36.054Z"}
{"level":"http","message":"GET /api/session 304 3.649 ms - -","timestamp":"2022-04-10T21:13:39.942Z"}
{"level":"http","message":"GET /api/session 304 5.163 ms - -","timestamp":"2022-04-10T21:14:12.301Z"}
{"level":"http","message":"GET /api/movie 304 31.135 ms - -","timestamp":"2022-04-10T21:14:16.989Z"}
{"level":"http","message":"GET /api/session 304 11.772 ms - -","timestamp":"2022-04-10T21:14:18.718Z"}
{"level":"http","message":"GET /api/movie 304 29.247 ms - -","timestamp":"2022-04-10T21:14:59.734Z"}
{"level":"http","message":"GET /api/session 304 15.078 ms - -","timestamp":"2022-04-10T21:16:23.928Z"}
{"level":"http","message":"GET /api/session 304 6.175 ms - -","timestamp":"2022-04-10T21:17:04.954Z"}
{"level":"http","message":"GET /api/session 304 7.951 ms - -","timestamp":"2022-04-10T21:17:23.988Z"}
{"level":"http","message":"GET /api/session 304 38.860 ms - -","timestamp":"2022-04-10T21:17:57.375Z"}
{"level":"http","message":"GET /api/session 304 3.983 ms - -","timestamp":"2022-04-10T21:18:06.032Z"}
{"level":"http","message":"GET /api/session 304 28.873 ms - -","timestamp":"2022-04-10T21:18:17.453Z"}
{"level":"http","message":"GET /api/session 304 9.726 ms - -","timestamp":"2022-04-10T21:22:13.780Z"}
{"level":"http","message":"GET /api/session 304 6.053 ms - -","timestamp":"2022-04-10T21:22:18.690Z"}
{"level":"http","message":"GET /api/session 200 38.189 ms - 753","timestamp":"2022-04-10T21:23:20.676Z"}
{"level":"http","message":"GET /api/session 304 7.486 ms - -","timestamp":"2022-04-10T21:24:03.855Z"}
{"level":"http","message":"GET /api/session 304 110.261 ms - -","timestamp":"2022-04-10T21:24:11.409Z"}
{"level":"http","message":"GET /api/session 304 26.544 ms - -","timestamp":"2022-04-10T21:24:17.074Z"}
{"level":"http","message":"GET /api/session 304 5.326 ms - -","timestamp":"2022-04-10T21:24:31.991Z"}
{"level":"http","message":"GET /api/movie 200 186.727 ms - 1701","timestamp":"2022-04-11T00:44:21.646Z"}
{"level":"http","message":"GET /api/movie 304 89.944 ms - -","timestamp":"2022-04-11T01:16:48.885Z"}
{"level":"http","message":"GET /api/session 304 93.155 ms - -","timestamp":"2022-04-11T01:16:51.476Z"}
{"level":"http","message":"GET /api/user 304 2130.988 ms - -","timestamp":"2022-04-11T01:16:55.324Z"}
{"level":"http","message":"GET /api/user 304 717.674 ms - -","timestamp":"2022-04-11T01:17:09.674Z"}
{"level":"http","message":"GET /api/user/35e6c53f-c014-49d7-9438-8934bed44470 200 7275.565 ms - 161","timestamp":"2022-04-11T01:17:18.227Z"}
{"level":"http","message":"GET /api/user 304 5273.188 ms - -","timestamp":"2022-04-11T01:17:18.229Z"}
{"level":"http","message":"GET /api/user/35e6c53f-c014-49d7-9438-8934bed44470 304 648.282 ms - -","timestamp":"2022-04-11T01:17:24.971Z"}
{"level":"http","message":"GET /api/user 304 1587.807 ms - -","timestamp":"2022-04-11T01:17:29.186Z"}
{"level":"http","message":"DELETE /api/user/35e6c53f-c014-49d7-9438-8934bed44470 200 1290.998 ms - 30","timestamp":"2022-04-11T01:17:33.407Z"}
{"level":"http","message":"GET /api/session 304 143.213 ms - -","timestamp":"2022-04-11T01:17:37.416Z"}
{"level":"http","message":"GET /api/movie 304 14.972 ms - -","timestamp":"2022-04-11T01:17:38.845Z"}
{"level":"http","message":"GET /api/movie 304 149.917 ms - -","timestamp":"2022-04-11T01:29:49.127Z"}
{"level":"http","message":"GET /api/movie 304 247.026 ms - -","timestamp":"2022-04-11T01:33:42.998Z"}
{"level":"http","message":"GET /api/user 200 456.239 ms - 653","timestamp":"2022-04-11T01:33:50.343Z"}
{"level":"http","message":"GET /api/session 304 387.070 ms - -","timestamp":"2022-04-11T01:33:52.871Z"}
{"level":"http","message":"GET /api/movie 304 141.672 ms - -","timestamp":"2022-04-11T01:33:54.265Z"}
{"level":"http","message":"GET /api/movie 304 349.918 ms - -","timestamp":"2022-04-11T01:40:56.289Z"}
{"level":"http","message":"GET /api/movie 304 177.629 ms - -","timestamp":"2022-04-11T01:52:08.116Z"}
{"level":"http","message":"POST /api/movie 200 2435.709 ms - 157","timestamp":"2022-04-11T02:04:21.343Z"}
{"level":"http","message":"GET /api/movie 200 3733.947 ms - 1872","timestamp":"2022-04-11T02:04:45.250Z"}
