{"level":"info","message":"Listening PORT: 3000","timestamp":"2022-03-29T18:41:38.618Z"}
{"level":"info","message":"Listening PORT: 3000","timestamp":"2022-03-29T18:49:19.148Z"}
{"level":"info","message":"Listening PORT: 3000","timestamp":"2022-03-29T18:58:21.835Z"}
{"level":"info","message":"Listening PORT: 3000","timestamp":"2022-03-29T19:01:21.364Z"}
{"level":"info","message":"Listening PORT: 3000","timestamp":"2022-03-29T19:14:18.163Z"}
{"level":"info","message":"Listening PORT: 3000","timestamp":"2022-03-29T19:14:30.781Z"}
{"level":"info","message":"Listening PORT: 3000","timestamp":"2022-03-29T19:18:02.093Z"}
{"level":"info","message":"Listening PORT: 3000","timestamp":"2022-03-29T19:35:58.543Z"}
{"level":"error","message":"Registry with id: 4534 not found","timestamp":"2022-03-29T19:39:20.136Z"}
{"level":"info","message":"Listening PORT: 3000","timestamp":"2022-03-29T19:43:59.758Z"}
{"level":"info","message":"Listening PORT: 3000","timestamp":"2022-03-29T19:44:08.316Z"}
{"level":"info","message":"Listening PORT: 3000","timestamp":"2022-03-29T19:44:22.642Z"}
{"level":"error","message":"Registry with id: xzccx not found","timestamp":"2022-03-29T19:44:50.306Z"}
{"level":"info","message":"Listening PORT: 3000","timestamp":"2022-03-29T19:45:08.001Z"}
{"level":"info","message":"Listening PORT: 3000","timestamp":"2022-03-29T20:11:06.557Z"}
{"level":"info","message":"Listening PORT: 3000","timestamp":"2022-03-29T20:11:16.157Z"}
{"level":"info","message":"Listening PORT: 3000","timestamp":"2022-03-29T20:11:17.735Z"}
{"level":"info","message":"Listening PORT: 3000","timestamp":"2022-03-29T20:11:33.349Z"}
{"level":"info","message":"Listening PORT: 3000","timestamp":"2022-03-29T20:11:39.247Z"}
{"level":"info","message":"Listening PORT: 3000","timestamp":"2022-03-29T20:11:42.155Z"}
{"level":"info","message":"Listening PORT: 3000","timestamp":"2022-03-29T20:11:49.015Z"}
{"level":"info","message":"Listening PORT: 3000","timestamp":"2022-03-29T20:11:56.919Z"}
{"level":"info","message":"Listening PORT: 3000","timestamp":"2022-03-29T20:12:03.599Z"}
{"level":"info","message":"Listening PORT: 3000","timestamp":"2022-03-29T20:22:54.900Z"}
{"level":"info","message":"Listening PORT: 3000","timestamp":"2022-03-29T20:22:57.498Z"}
{"level":"info","message":"Listening PORT: 3000","timestamp":"2022-03-29T20:23:02.319Z"}
{"level":"info","message":"Listening PORT: 3000","timestamp":"2022-03-29T20:23:04.755Z"}
{"level":"info","message":"Listening PORT: 3000","timestamp":"2022-03-29T20:23:06.391Z"}
{"level":"info","message":"Listening PORT: 3000","timestamp":"2022-03-29T20:23:10.211Z"}
{"level":"info","message":"Listening PORT: 3000","timestamp":"2022-03-29T20:23:13.670Z"}
{"level":"info","message":"Listening PORT: 3000","timestamp":"2022-03-29T20:23:16.074Z"}
{"level":"info","message":"Listening PORT: 3000","timestamp":"2022-03-29T20:23:18.794Z"}
{"level":"info","message":"Listening PORT: 3000","timestamp":"2022-03-29T20:23:21.963Z"}
{"level":"info","message":"Listening PORT: 3000","timestamp":"2022-03-29T20:23:26.031Z"}
{"level":"info","message":"Listening PORT: 3000","timestamp":"2022-03-29T20:23:28.319Z"}
{"level":"info","message":"Listening PORT: 3000","timestamp":"2022-03-29T20:23:30.160Z"}
{"level":"info","message":"Listening PORT: 3000","timestamp":"2022-03-29T20:23:31.574Z"}
{"level":"info","message":"Listening PORT: 3000","timestamp":"2022-03-29T20:23:33.649Z"}
{"level":"info","message":"Listening PORT: 3000","timestamp":"2022-03-29T23:02:12.886Z"}
{"level":"info","message":"Listening PORT: 3000","timestamp":"2022-03-29T23:02:33.172Z"}
{"level":"info","message":"Listening PORT: 3000","timestamp":"2022-03-29T23:02:40.253Z"}
{"level":"http","message":"GET /api/session/ 200 3941.262 ms - 151","timestamp":"2022-03-29T23:12:35.568Z"}
{"level":"http","message":"GET /api/movie/ 200 9.262 ms - 730","timestamp":"2022-03-29T23:12:41.598Z"}
